#! /usr/local/bin/vvp
:ivl_version "11.0 (stable)" "(v11_0)";
:ivl_delay_selection "TYPICAL";
:vpi_time_precision - 12;
:vpi_module "/usr/local/lib/ivl/system.vpi";
:vpi_module "/usr/local/lib/ivl/vhdl_sys.vpi";
:vpi_module "/usr/local/lib/ivl/vhdl_textio.vpi";
:vpi_module "/usr/local/lib/ivl/v2005_math.vpi";
:vpi_module "/usr/local/lib/ivl/va_math.vpi";
:vpi_module "/usr/local/lib/ivl/v2009.vpi";
S_0x5577ed89e2c0 .scope package, "$unit" "$unit" 2 1;
 .timescale 0 0;
S_0x5577ed89da20 .scope module, "adc_tb" "adc_tb" 3 4;
 .timescale -9 -12;
v0x5577ed8f2640_0 .var "clk", 0 0;
v0x5577ed8f2700_0 .var "rst", 0 0;
S_0x5577ed88b590 .scope module, "mcp3008_adc_inst" "mcp3008_adc" 3 14, 4 4 0, S_0x5577ed89da20;
 .timescale -9 -12;
    .port_info 0 /INPUT 1 "clk";
    .port_info 1 /INPUT 1 "rst";
    .port_info 2 /OUTPUT 1 "spi_cs_n";
    .port_info 3 /OUTPUT 1 "spi_clk";
    .port_info 4 /OUTPUT 1 "spi_dout";
    .port_info 5 /INPUT 1 "spi_din";
    .port_info 6 /OUTPUT 1 "axiov";
    .port_info 7 /OUTPUT 10 "axiod";
P_0x5577ed8b6c70 .param/l "STATE_START" 1 4 37, C4<01>;
P_0x5577ed8b6cb0 .param/l "STATE_WAIT" 1 4 38, C4<10>;
L_0x5577ed8ba8e0 .functor BUFZ 1, v0x5577ed8f0ee0_0, C4<0>, C4<0>, C4<0>;
v0x5577ed8f1bf0_0 .net "axiod", 9 0, L_0x5577ed902890;  1 drivers
v0x5577ed8f1cf0_0 .net "axiov", 0 0, L_0x5577ed8ba8e0;  1 drivers
v0x5577ed8f1db0_0 .net "clk", 0 0, v0x5577ed8f2640_0;  1 drivers
v0x5577ed8f1e80_0 .net "rst", 0 0, v0x5577ed8f2700_0;  1 drivers
v0x5577ed8f1f50_0 .var "spi_axiiv", 0 0;
v0x5577ed8f1ff0_0 .net "spi_axiod", 16 0, v0x5577ed8f0df0_0;  1 drivers
v0x5577ed8f20c0_0 .net "spi_axiov", 0 0, v0x5577ed8f0ee0_0;  1 drivers
v0x5577ed8f2190_0 .net "spi_axiready", 0 0, v0x5577ed8f0fa0_0;  1 drivers
v0x5577ed8f2260_0 .net "spi_clk", 0 0, v0x5577ed8f14d0_0;  1 drivers
v0x5577ed8f2330_0 .net "spi_cs_n", 0 0, v0x5577ed8f1590_0;  1 drivers
o0x7f0f06eb6258 .functor BUFZ 1, C4<z>; HiZ drive
v0x5577ed8f2400_0 .net "spi_din", 0 0, o0x7f0f06eb6258;  0 drivers
v0x5577ed8f24d0_0 .net "spi_dout", 0 0, v0x5577ed8f1890_0;  1 drivers
v0x5577ed8f25a0_0 .var "state", 1 0;
L_0x5577ed902890 .part v0x5577ed8f0df0_0, 0, 10;
S_0x5577ed88bd40 .scope module, "spi" "spi_controller" 4 20, 5 4 0, S_0x5577ed88b590;
 .timescale -9 -12;
    .port_info 0 /INPUT 1 "clk";
    .port_info 1 /INPUT 1 "rst";
    .port_info 2 /INPUT 1 "axiiv";
    .port_info 3 /INPUT 17 "axiid";
    .port_info 4 /OUTPUT 1 "axiov";
    .port_info 5 /OUTPUT 17 "axiod";
    .port_info 6 /OUTPUT 1 "axiready";
    .port_info 7 /OUTPUT 1 "spi_cs_n";
    .port_info 8 /OUTPUT 1 "spi_clk";
    .port_info 9 /OUTPUT 1 "spi_dout";
    .port_info 10 /INPUT 1 "spi_din";
P_0x5577ed8caff0 .param/l "CLOCK_DIVISION" 0 5 4, +C4<00000000000000000000000001100100>;
P_0x5577ed8cb030 .param/l "CLOCK_DIVISION_COUNT_MAX" 1 5 26, +C4<000000000000000000000000000110001>;
P_0x5577ed8cb070 .param/l "STATE_IDLE" 1 5 32, C4<0001>;
P_0x5577ed8cb0b0 .param/l "STATE_RECEIVE" 1 5 33, C4<0010>;
P_0x5577ed8cb0f0 .param/l "STATE_TRANSMIT" 1 5 34, C4<0100>;
P_0x5577ed8cb130 .param/l "STATE_WAIT" 1 5 35, C4<1000>;
P_0x5577ed8cb170 .param/l "TRANSACTION_LENGTH_BITS" 0 5 4, +C4<00000000000000000000000000010001>;
L_0x7f0f06e6d018 .functor BUFT 1, C4<01000000000000000>, C4<0>, C4<0>, C4<0>;
v0x5577ed8baa00_0 .net "axiid", 16 0, L_0x7f0f06e6d018;  1 drivers
v0x5577ed8b5040_0 .net "axiiv", 0 0, v0x5577ed8f1f50_0;  1 drivers
v0x5577ed8f0df0_0 .var "axiod", 16 0;
v0x5577ed8f0ee0_0 .var "axiov", 0 0;
v0x5577ed8f0fa0_0 .var "axiready", 0 0;
v0x5577ed8f10b0_0 .var "bits_counter", 4 0;
v0x5577ed8f1190_0 .net "clk", 0 0, v0x5577ed8f2640_0;  alias, 1 drivers
v0x5577ed8f1250_0 .var "clock_divider", 6 0;
v0x5577ed8f1330_0 .var "data_to_send", 16 0;
v0x5577ed8f1410_0 .net "rst", 0 0, v0x5577ed8f2700_0;  alias, 1 drivers
v0x5577ed8f14d0_0 .var "spi_clk", 0 0;
v0x5577ed8f1590_0 .var "spi_cs_n", 0 0;
v0x5577ed8f1650_0 .net "spi_din", 0 0, o0x7f0f06eb6258;  alias, 0 drivers
v0x5577ed8f1710_0 .var "spi_din_buffer_1", 0 0;
v0x5577ed8f17d0_0 .var "spi_din_buffered", 0 0;
v0x5577ed8f1890_0 .var "spi_dout", 0 0;
v0x5577ed8f1950_0 .var "state", 3 0;
E_0x5577ed8c2c40 .event posedge, v0x5577ed8f1190_0;
    .scope S_0x5577ed88bd40;
T_0 ;
    %wait E_0x5577ed8c2c40;
    %load/vec4 v0x5577ed8f1650_0;
    %assign/vec4 v0x5577ed8f1710_0, 0;
    %load/vec4 v0x5577ed8f1710_0;
    %assign/vec4 v0x5577ed8f17d0_0, 0;
    %jmp T_0;
    .thread T_0;
    .scope S_0x5577ed88bd40;
T_1 ;
    %wait E_0x5577ed8c2c40;
    %load/vec4 v0x5577ed8f1410_0;
    %flag_set/vec4 8;
    %jmp/0xz  T_1.0, 8;
    %pushi/vec4 0, 0, 7;
    %assign/vec4 v0x5577ed8f1250_0, 0;
    %pushi/vec4 0, 0, 5;
    %assign/vec4 v0x5577ed8f10b0_0, 0;
    %pushi/vec4 1, 0, 4;
    %assign/vec4 v0x5577ed8f1950_0, 0;
    %jmp T_1.1;
T_1.0 ;
    %load/vec4 v0x5577ed8f1950_0;
    %dup/vec4;
    %pushi/vec4 1, 0, 4;
    %cmp/u;
    %jmp/1 T_1.2, 6;
    %dup/vec4;
    %pushi/vec4 2, 0, 4;
    %cmp/u;
    %jmp/1 T_1.3, 6;
    %dup/vec4;
    %pushi/vec4 4, 0, 4;
    %cmp/u;
    %jmp/1 T_1.4, 6;
    %dup/vec4;
    %pushi/vec4 8, 0, 4;
    %cmp/u;
    %jmp/1 T_1.5, 6;
    %pushi/vec4 1, 0, 4;
    %assign/vec4 v0x5577ed8f1950_0, 0;
    %jmp T_1.7;
T_1.2 ;
    %load/vec4 v0x5577ed8b5040_0;
    %flag_set/vec4 8;
    %jmp/0xz  T_1.8, 8;
    %pushi/vec4 0, 0, 1;
    %assign/vec4 v0x5577ed8f1590_0, 0;
    %pushi/vec4 0, 0, 1;
    %assign/vec4 v0x5577ed8f0fa0_0, 0;
    %pushi/vec4 0, 0, 1;
    %assign/vec4 v0x5577ed8f14d0_0, 0;
    %load/vec4 v0x5577ed8baa00_0;
    %pad/u 1;
    %assign/vec4 v0x5577ed8f1890_0, 0;
    %load/vec4 v0x5577ed8baa00_0;
    %assign/vec4 v0x5577ed8f1330_0, 0;
    %pushi/vec4 1, 0, 5;
    %assign/vec4 v0x5577ed8f10b0_0, 0;
    %pushi/vec4 0, 0, 7;
    %assign/vec4 v0x5577ed8f1250_0, 0;
    %pushi/vec4 2, 0, 4;
    %assign/vec4 v0x5577ed8f1950_0, 0;
    %jmp T_1.9;
T_1.8 ;
    %pushi/vec4 1, 0, 1;
    %assign/vec4 v0x5577ed8f1590_0, 0;
    %pushi/vec4 1, 0, 1;
    %assign/vec4 v0x5577ed8f0fa0_0, 0;
    %pushi/vec4 1, 0, 1;
    %assign/vec4 v0x5577ed8f14d0_0, 0;
    %pushi/vec4 0, 0, 1;
    %assign/vec4 v0x5577ed8f1890_0, 0;
T_1.9 ;
    %jmp T_1.7;
T_1.3 ;
    %load/vec4 v0x5577ed8f1250_0;
    %pad/u 33;
    %cmpi/e 49, 0, 33;
    %jmp/0xz  T_1.10, 4;
    %pushi/vec4 1, 0, 1;
    %assign/vec4 v0x5577ed8f14d0_0, 0;
    %load/vec4 v0x5577ed8f0df0_0;
    %parti/s 16, 0, 2;
    %load/vec4 v0x5577ed8f17d0_0;
    %concat/vec4; draw_concat_vec4
    %assign/vec4 v0x5577ed8f0df0_0, 0;
    %pushi/vec4 0, 0, 7;
    %assign/vec4 v0x5577ed8f1250_0, 0;
    %pushi/vec4 4, 0, 4;
    %assign/vec4 v0x5577ed8f1950_0, 0;
    %jmp T_1.11;
T_1.10 ;
    %load/vec4 v0x5577ed8f1250_0;
    %addi 1, 0, 7;
    %assign/vec4 v0x5577ed8f1250_0, 0;
T_1.11 ;
    %jmp T_1.7;
T_1.4 ;
    %load/vec4 v0x5577ed8f10b0_0;
    %pad/u 32;
    %cmpi/e 17, 0, 32;
    %jmp/0xz  T_1.12, 4;
    %pushi/vec4 1, 0, 1;
    %assign/vec4 v0x5577ed8f1590_0, 0;
    %pushi/vec4 8, 0, 4;
    %assign/vec4 v0x5577ed8f1950_0, 0;
    %jmp T_1.13;
T_1.12 ;
    %load/vec4 v0x5577ed8f1250_0;
    %pad/u 33;
    %cmpi/e 49, 0, 33;
    %jmp/0xz  T_1.14, 4;
    %pushi/vec4 0, 0, 1;
    %assign/vec4 v0x5577ed8f14d0_0, 0;
    %load/vec4 v0x5577ed8f1330_0;
    %pushi/vec4 16, 0, 32;
    %load/vec4 v0x5577ed8f10b0_0;
    %pad/u 32;
    %sub;
    %part/u 1;
    %assign/vec4 v0x5577ed8f1890_0, 0;
    %load/vec4 v0x5577ed8f10b0_0;
    %addi 1, 0, 5;
    %assign/vec4 v0x5577ed8f10b0_0, 0;
    %pushi/vec4 0, 0, 7;
    %assign/vec4 v0x5577ed8f1250_0, 0;
    %pushi/vec4 2, 0, 4;
    %assign/vec4 v0x5577ed8f1950_0, 0;
    %jmp T_1.15;
T_1.14 ;
    %load/vec4 v0x5577ed8f1250_0;
    %addi 1, 0, 7;
    %assign/vec4 v0x5577ed8f1250_0, 0;
T_1.15 ;
T_1.13 ;
    %jmp T_1.7;
T_1.5 ;
    %load/vec4 v0x5577ed8f1250_0;
    %pad/u 32;
    %cmpi/e 100, 0, 32;
    %jmp/0xz  T_1.16, 4;
    %pushi/vec4 1, 0, 4;
    %assign/vec4 v0x5577ed8f1950_0, 0;
    %jmp T_1.17;
T_1.16 ;
    %load/vec4 v0x5577ed8f1250_0;
    %addi 1, 0, 7;
    %assign/vec4 v0x5577ed8f1250_0, 0;
T_1.17 ;
    %jmp T_1.7;
T_1.7 ;
    %pop/vec4 1;
T_1.1 ;
    %jmp T_1;
    .thread T_1;
    .scope S_0x5577ed88b590;
T_2 ;
    %wait E_0x5577ed8c2c40;
    %load/vec4 v0x5577ed8f1e80_0;
    %flag_set/vec4 8;
    %jmp/0xz  T_2.0, 8;
    %pushi/vec4 1, 0, 2;
    %assign/vec4 v0x5577ed8f25a0_0, 0;
    %pushi/vec4 0, 0, 1;
    %assign/vec4 v0x5577ed8f1f50_0, 0;
    %jmp T_2.1;
T_2.0 ;
    %load/vec4 v0x5577ed8f25a0_0;
    %dup/vec4;
    %pushi/vec4 1, 0, 2;
    %cmp/u;
    %jmp/1 T_2.2, 6;
    %dup/vec4;
    %pushi/vec4 2, 0, 2;
    %cmp/u;
    %jmp/1 T_2.3, 6;
    %pushi/vec4 1, 0, 2;
    %assign/vec4 v0x5577ed8f25a0_0, 0;
    %jmp T_2.5;
T_2.2 ;
    %pushi/vec4 1, 0, 1;
    %assign/vec4 v0x5577ed8f1f50_0, 0;
    %pushi/vec4 2, 0, 2;
    %assign/vec4 v0x5577ed8f25a0_0, 0;
    %jmp T_2.5;
T_2.3 ;
    %pushi/vec4 0, 0, 1;
    %assign/vec4 v0x5577ed8f1f50_0, 0;
    %load/vec4 v0x5577ed8f2190_0;
    %flag_set/vec4 8;
    %jmp/0xz  T_2.6, 8;
    %pushi/vec4 1, 0, 2;
    %assign/vec4 v0x5577ed8f25a0_0, 0;
T_2.6 ;
    %jmp T_2.5;
T_2.5 ;
    %pop/vec4 1;
T_2.1 ;
    %jmp T_2;
    .thread T_2;
    .scope S_0x5577ed89da20;
T_3 ;
    %delay 5000, 0;
    %load/vec4 v0x5577ed8f2640_0;
    %inv;
    %store/vec4 v0x5577ed8f2640_0, 0, 1;
    %jmp T_3;
    .thread T_3;
    .scope S_0x5577ed89da20;
T_4 ;
    %vpi_call/w 3 24 "$dumpfile", "adc.vcd" {0 0 0};
    %vpi_call/w 3 25 "$dumpvars", 32'sb00000000000000000000000000000000, S_0x5577ed89da20 {0 0 0};
    %vpi_call/w 3 26 "$display", "Starting sim..." {0 0 0};
    %pushi/vec4 0, 0, 1;
    %store/vec4 v0x5577ed8f2640_0, 0, 1;
    %pushi/vec4 0, 0, 1;
    %store/vec4 v0x5577ed8f2700_0, 0, 1;
    %delay 10000, 0;
    %pushi/vec4 1, 0, 1;
    %store/vec4 v0x5577ed8f2700_0, 0, 1;
    %delay 10000, 0;
    %pushi/vec4 0, 0, 1;
    %store/vec4 v0x5577ed8f2700_0, 0, 1;
    %delay 100000000, 0;
    %vpi_call/w 3 37 "$finish" {0 0 0};
    %end;
    .thread T_4;
# The file index is used to find the file name in the following table.
:file_names 6;
    "N/A";
    "<interactive>";
    "-";
    "sim/adc_tb.sv";
    "src/mcp3008_adc.sv";
    "src/spi_controller.sv";
