#! /usr/bin/vvp
:ivl_version "11.0 (stable)";
:ivl_delay_selection "TYPICAL";
:vpi_time_precision - 12;
:vpi_module "/usr/lib/x86_64-linux-gnu/ivl/system.vpi";
:vpi_module "/usr/lib/x86_64-linux-gnu/ivl/vhdl_sys.vpi";
:vpi_module "/usr/lib/x86_64-linux-gnu/ivl/vhdl_textio.vpi";
:vpi_module "/usr/lib/x86_64-linux-gnu/ivl/v2005_math.vpi";
:vpi_module "/usr/lib/x86_64-linux-gnu/ivl/va_math.vpi";
:vpi_module "/usr/lib/x86_64-linux-gnu/ivl/v2009.vpi";
S_0x55aec1a5ccf0 .scope package, "$unit" "$unit" 2 1;
 .timescale 0 0;
S_0x55aec1a5ce80 .scope module, "downscaler_tb" "downscaler_tb" 3 4;
 .timescale -9 -12;
v0x55aec1ab2150_0 .var "clk", 0 0;
v0x55aec1ab2210_0 .var/s "i2s_data", 31 0;
v0x55aec1ab22e0_0 .var "i2s_data_valid", 0 0;
v0x55aec1ab23e0_0 .var "rst", 0 0;
v0x55aec1ab24b0_0 .var/real "x", 0 0;
v0x55aec1ab2550_0 .var/real "y", 0 0;
S_0x55aec1a5d010 .scope module, "downscaler_inst" "downscaler" 3 17, 4 4 0, S_0x55aec1a5ce80;
 .timescale -9 -12;
    .port_info 0 /INPUT 1 "clk";
    .port_info 1 /INPUT 1 "rst";
    .port_info 2 /INPUT 32 "i2s_data";
    .port_info 3 /INPUT 1 "i2s_data_valid";
    .port_info 4 /OUTPUT 1 "axiov";
    .port_info 5 /OUTPUT 8 "axiod";
P_0x55aec1a957b0 .param/l "SAMPLE_DATA_WIDTH" 0 4 4, +C4<00000000000000000000000000001000>;
L_0x55aec1a84280 .functor NOT 1, v0x55aec1ab1f10_0, C4<0>, C4<0>, C4<0>;
L_0x55aec1ab2620 .functor AND 1, L_0x55aec1a84280, v0x55aec1ab1d90_0, C4<1>, C4<1>;
v0x55aec1a87b60_0 .net *"_ivl_0", 0 0, L_0x55aec1a84280;  1 drivers
v0x55aec1ab16b0_0 .var/s "axiod", 7 0;
v0x55aec1ab1790_0 .var "axiov", 0 0;
v0x55aec1ab1860_0 .net "clk", 0 0, v0x55aec1ab2150_0;  1 drivers
v0x55aec1ab1920_0 .net/s "i2s_data", 31 0, v0x55aec1ab2210_0;  1 drivers
v0x55aec1ab1a50_0 .var "i2s_data_buffer_1", 31 0;
v0x55aec1ab1b30_0 .var "i2s_data_buffer_2", 31 0;
v0x55aec1ab1c10_0 .net "i2s_data_valid", 0 0, v0x55aec1ab22e0_0;  1 drivers
v0x55aec1ab1cd0_0 .var "i2s_data_valid_buffer_1", 0 0;
v0x55aec1ab1d90_0 .var "i2s_data_valid_buffer_2", 0 0;
v0x55aec1ab1e50_0 .net "i2s_data_valid_rising", 0 0, L_0x55aec1ab2620;  1 drivers
v0x55aec1ab1f10_0 .var "prev_i2s_data_valid", 0 0;
v0x55aec1ab1fd0_0 .net "rst", 0 0, v0x55aec1ab23e0_0;  1 drivers
E_0x55aec1a9c0a0 .event posedge, v0x55aec1ab1860_0;
    .scope S_0x55aec1a5d010;
T_0 ;
    %wait E_0x55aec1a9c0a0;
    %load/vec4 v0x55aec1ab1920_0;
    %assign/vec4 v0x55aec1ab1a50_0, 0;
    %load/vec4 v0x55aec1ab1a50_0;
    %assign/vec4 v0x55aec1ab1b30_0, 0;
    %load/vec4 v0x55aec1ab1c10_0;
    %assign/vec4 v0x55aec1ab1cd0_0, 0;
    %load/vec4 v0x55aec1ab1cd0_0;
    %assign/vec4 v0x55aec1ab1d90_0, 0;
    %jmp T_0;
    .thread T_0;
    .scope S_0x55aec1a5d010;
T_1 ;
    %wait E_0x55aec1a9c0a0;
    %load/vec4 v0x55aec1ab1fd0_0;
    %flag_set/vec4 8;
    %jmp/0xz  T_1.0, 8;
    %pushi/vec4 0, 0, 1;
    %assign/vec4 v0x55aec1ab1f10_0, 0;
    %jmp T_1.1;
T_1.0 ;
    %load/vec4 v0x55aec1ab1e50_0;
    %flag_set/vec4 8;
    %jmp/0xz  T_1.2, 8;
    %pushi/vec4 1, 0, 1;
    %assign/vec4 v0x55aec1ab1790_0, 0;
    %load/vec4 v0x55aec1ab1b30_0;
    %ix/load 4, 16, 0;
    %flag_set/imm 4, 0;
    %shiftr 4;
    %pad/u 8;
    %assign/vec4 v0x55aec1ab16b0_0, 0;
    %jmp T_1.3;
T_1.2 ;
    %pushi/vec4 0, 0, 1;
    %assign/vec4 v0x55aec1ab1790_0, 0;
T_1.3 ;
    %load/vec4 v0x55aec1ab1d90_0;
    %assign/vec4 v0x55aec1ab1f10_0, 0;
T_1.1 ;
    %jmp T_1;
    .thread T_1;
    .scope S_0x55aec1a5ce80;
T_2 ;
    %delay 5000, 0;
    %load/vec4 v0x55aec1ab2150_0;
    %inv;
    %store/vec4 v0x55aec1ab2150_0, 0, 1;
    %jmp T_2;
    .thread T_2;
    .scope S_0x55aec1a5ce80;
T_3 ;
    %vpi_call/w 3 30 "$dumpfile", "downscaler.vcd" {0 0 0};
    %vpi_call/w 3 31 "$dumpvars", 32'sb00000000000000000000000000000000, S_0x55aec1a5ce80 {0 0 0};
    %vpi_call/w 3 32 "$display", "Starting sim..." {0 0 0};
    %pushi/vec4 0, 0, 1;
    %store/vec4 v0x55aec1ab2150_0, 0, 1;
    %pushi/vec4 0, 0, 1;
    %store/vec4 v0x55aec1ab23e0_0, 0, 1;
    %delay 10000, 0;
    %pushi/vec4 1, 0, 1;
    %store/vec4 v0x55aec1ab23e0_0, 0, 1;
    %delay 10000, 0;
    %pushi/vec4 0, 0, 1;
    %store/vec4 v0x55aec1ab23e0_0, 0, 1;
    %pushi/real 0, 4065; load=0.00000
    %store/real v0x55aec1ab24b0_0;
T_3.0 ;
    %load/real v0x55aec1ab24b0_0;
    %pushi/real 1686579970, 4068; load=6.28300
    %pushi/real 201327, 4046; load=6.28300
    %add/wr;
    %cmp/wr;
    %jmp/0xz T_3.1, 5;
    %vpi_func/r 3 42 "$sin", v0x55aec1ab24b0_0 {0 0 0};
    %pushi/vec4 8388608, 0, 32;
    %cvt/rv/s;
    %mul/wr;
    %store/real v0x55aec1ab2550_0;
    %vpi_func 3 43 "$rtoi" 32, v0x55aec1ab2550_0 {0 0 0};
    %store/vec4 v0x55aec1ab2210_0, 0, 32;
    %pushi/vec4 1, 0, 1;
    %store/vec4 v0x55aec1ab22e0_0, 0, 1;
    %delay 90000, 0;
    %pushi/vec4 0, 0, 1;
    %store/vec4 v0x55aec1ab22e0_0, 0, 1;
    %delay 500000, 0;
    %load/real v0x55aec1ab24b0_0;
    %pushi/real 1717986918, 4062; load=0.100000
    %pushi/real 1677722, 4040; load=0.100000
    %add/wr;
    %add/wr;
    %store/real v0x55aec1ab24b0_0;
    %jmp T_3.0;
T_3.1 ;
    %vpi_call/w 3 50 "$finish" {0 0 0};
    %end;
    .thread T_3;
# The file index is used to find the file name in the following table.
:file_names 5;
    "N/A";
    "<interactive>";
    "-";
    "sim/downscaler_tb.sv";
    "src/downscaler.sv";
