#! /usr/local/bin/vvp
:ivl_version "11.0 (stable)" "(v11_0)";
:ivl_delay_selection "TYPICAL";
:vpi_time_precision - 12;
:vpi_module "/usr/local/lib/ivl/system.vpi";
:vpi_module "/usr/local/lib/ivl/vhdl_sys.vpi";
:vpi_module "/usr/local/lib/ivl/vhdl_textio.vpi";
:vpi_module "/usr/local/lib/ivl/v2005_math.vpi";
:vpi_module "/usr/local/lib/ivl/va_math.vpi";
:vpi_module "/usr/local/lib/ivl/v2009.vpi";
S_0x561fcd9332c0 .scope package, "$unit" "$unit" 2 1;
 .timescale 0 0;
S_0x561fcd932a20 .scope module, "filter_manager_tb" "filter_manager_tb" 3 4;
 .timescale -9 -12;
P_0x561fcd9ffdb0 .param/l "CAPTURE_LENGTH" 1 3 6, +C4<00000000000000000000001111101000>;
v0x561fcda30920_0 .var "axiid", 7 0;
v0x561fcda30a00_0 .var "axiiv", 0 0;
v0x561fcda30ac0_0 .var "clk", 0 0;
v0x561fcda30ca0_0 .var "rst", 0 0;
v0x561fcda30d40 .array "test_signal_buffer", 999 0, 7 0;
v0x561fcda30e30_0 .var "trigger", 0 0;
S_0x561fcd920590 .scope begin, "$ivl_for_loop0" "$ivl_for_loop0" 3 55, 3 55 0, S_0x561fcd932a20;
 .timescale -9 -12;
v0x561fcd9cf100_0 .var/2s "i", 31 0;
S_0x561fcd920d40 .scope begin, "$ivl_for_loop1" "$ivl_for_loop1" 3 75, 3 75 0, S_0x561fcd932a20;
 .timescale -9 -12;
v0x561fcd9cf810_0 .var/2s "i", 31 0;
S_0x561fcd9209c0 .scope module, "filter_manager_inst" "filter_manager" 3 20, 4 4 0, S_0x561fcd932a20;
 .timescale -9 -12;
    .port_info 0 /INPUT 1 "clk";
    .port_info 1 /INPUT 1 "rst";
    .port_info 2 /INPUT 1 "trigger";
    .port_info 3 /INPUT 1 "axiiv";
    .port_info 4 /INPUT 8 "axiid";
    .port_info 5 /OUTPUT 1 "uart_tx";
    .port_info 6 /OUTPUT 16 "led";
    .port_info 7 /OUTPUT 8 "jd";
P_0x561fcda219e0 .param/l "CAPTURE_LENGTH" 0 4 4, +C4<00000000000000000000001111101000>;
P_0x561fcda21a20 .param/l "DEBUG_SPI_STATE_SEND_FIRST_SCORE" 1 4 89, C4<010>;
P_0x561fcda21a60 .param/l "DEBUG_SPI_STATE_SEND_SECOND_SCORE" 1 4 90, C4<0100>;
P_0x561fcda21aa0 .param/l "DEBUG_SPI_STATE_WAIT_FOR_SPI" 1 4 88, C4<001>;
P_0x561fcda21ae0 .param/l "MATCH_SCORE_WIDTH" 1 4 15, +C4<00000000000000000000000000100000>;
P_0x561fcda21b20 .param/l "SAMPLE_DATA_WIDTH" 0 4 4, +C4<00000000000000000000000000001000>;
P_0x561fcda21b60 .param/l "STATE_CAPTURE" 1 4 109, C4<0010>;
P_0x561fcda21ba0 .param/l "STATE_DUMP" 1 4 110, C4<0100>;
P_0x561fcda21be0 .param/l "STATE_FILTER" 1 4 111, C4<1000>;
P_0x561fcda21c20 .param/l "STATE_START" 1 4 108, C4<0001>;
L_0x561fcd9ff670 .functor AND 1, v0x561fcda30a00_0, v0x561fcda2f170_0, C4<1>, C4<1>;
o0x7f8ea33a36e8 .functor BUFZ 5, C4<zzzzz>; HiZ drive
; Elide local net with no drivers, v0x561fcda2eee0_0 name=_ivl_28
v0x561fcda2efe0_0 .net "axiid", 7 0, v0x561fcda30920_0;  1 drivers
v0x561fcda2f0a0_0 .net "axiiv", 0 0, v0x561fcda30a00_0;  1 drivers
v0x561fcda2f170_0 .var "capturing", 0 0;
v0x561fcda2f210_0 .net "clk", 0 0, v0x561fcda30ac0_0;  1 drivers
v0x561fcda2f2b0_0 .var "debug_spi_state", 2 0;
v0x561fcda2f390_0 .var "filter_repetitions_counter", 10 0;
v0x561fcda2f470_0 .net "jd", 7 0, L_0x561fcda31af0;  1 drivers
v0x561fcda2f550_0 .var "led", 15 0;
v0x561fcda2f6c0_0 .net "matched_filter_1_axiod", 31 0, v0x561fcda285f0_0;  1 drivers
v0x561fcda2f780_0 .net "matched_filter_1_axiov", 0 0, v0x561fcda286d0_0;  1 drivers
v0x561fcda2f850_0 .net "matched_filter_2_axiod", 31 0, v0x561fcda2cb00_0;  1 drivers
v0x561fcda2f920_0 .net "matched_filter_2_axiov", 0 0, v0x561fcda2cbc0_0;  1 drivers
v0x561fcda2f9f0_0 .var "matched_filter_axiid", 7 0;
v0x561fcda2fa90_0 .var "matched_filter_axiiv", 0 0;
v0x561fcda2fb80_0 .var "matched_filter_axiiv_pipe_1", 0 0;
v0x561fcda2fc20_0 .var "matched_filter_axiiv_pipe_2", 0 0;
v0x561fcda2fdd0_0 .var "next_debug_spi_state", 2 0;
v0x561fcda2feb0_0 .var "ram_read_addr", 11 0;
v0x561fcda2ff90_0 .net "ram_read_data", 7 0, L_0x561fcd9f28f0;  1 drivers
v0x561fcda30050_0 .var "ram_write_addr", 9 0;
v0x561fcda300f0_0 .net "rst", 0 0, v0x561fcda30ca0_0;  1 drivers
v0x561fcda30190_0 .var "spi_axiid", 31 0;
v0x561fcda30260_0 .var "spi_axiiv", 0 0;
v0x561fcda30330_0 .net "spi_axiready", 0 0, v0x561fcda24ab0_0;  1 drivers
v0x561fcda30400_0 .var "state", 3 0;
v0x561fcda304a0_0 .net "trigger", 0 0, v0x561fcda30e30_0;  1 drivers
v0x561fcda30540_0 .var "uart_axiid", 7 0;
v0x561fcda30630_0 .var "uart_axiiv", 0 0;
v0x561fcda30700_0 .net "uart_axiready", 0 0, v0x561fcda2e790_0;  1 drivers
v0x561fcda307d0_0 .net "uart_tx", 0 0, v0x561fcda2ed60_0;  1 drivers
L_0x561fcda30f80 .part v0x561fcda2feb0_0, 0, 10;
L_0x561fcda31af0 .concat [ 1 1 1 5], v0x561fcda24fa0_0, v0x561fcda25060_0, v0x561fcda25360_0, o0x7f8ea33a36e8;
S_0x561fcda22140 .scope module, "capture_buffer" "xilinx_true_dual_port_read_first_1_clock_ram" 4 25, 5 11 0, S_0x561fcd9209c0;
 .timescale -9 -12;
    .port_info 0 /INPUT 10 "addra";
    .port_info 1 /INPUT 10 "addrb";
    .port_info 2 /INPUT 8 "dina";
    .port_info 3 /INPUT 8 "dinb";
    .port_info 4 /INPUT 1 "clka";
    .port_info 5 /INPUT 1 "wea";
    .port_info 6 /INPUT 1 "web";
    .port_info 7 /INPUT 1 "ena";
    .port_info 8 /INPUT 1 "enb";
    .port_info 9 /INPUT 1 "rsta";
    .port_info 10 /INPUT 1 "rstb";
    .port_info 11 /INPUT 1 "regcea";
    .port_info 12 /INPUT 1 "regceb";
    .port_info 13 /OUTPUT 8 "douta";
    .port_info 14 /OUTPUT 8 "doutb";
P_0x561fcda22320 .param/str "INIT_FILE" 0 5 15, "\000";
P_0x561fcda22360 .param/str "NAME" 0 5 16, "Filter manager capture buffer";
P_0x561fcda223a0 .param/l "RAM_DEPTH" 0 5 13, +C4<00000000000000000000001111101000>;
P_0x561fcda223e0 .param/str "RAM_PERFORMANCE" 0 5 14, "HIGH_PERFORMANCE";
P_0x561fcda22420 .param/l "RAM_WIDTH" 0 5 12, +C4<00000000000000000000000000001000>;
v0x561fcda22ff0 .array "BRAM", 0 999, 7 0;
v0x561fcda230d0_0 .net "addra", 9 0, v0x561fcda30050_0;  1 drivers
v0x561fcda231b0_0 .net "addrb", 9 0, L_0x561fcda30f80;  1 drivers
v0x561fcda232a0_0 .net "clka", 0 0, v0x561fcda30ac0_0;  alias, 1 drivers
v0x561fcda23360_0 .net "dina", 7 0, v0x561fcda30920_0;  alias, 1 drivers
o0x7f8ea33a1228 .functor BUFZ 8, C4<zzzzzzzz>; HiZ drive
v0x561fcda23490_0 .net "dinb", 7 0, o0x7f8ea33a1228;  0 drivers
v0x561fcda23570_0 .net "douta", 7 0, L_0x561fcd9d8590;  1 drivers
v0x561fcda23650_0 .net "doutb", 7 0, L_0x561fcd9f28f0;  alias, 1 drivers
L_0x7f8ea3358060 .functor BUFT 1, C4<1>, C4<0>, C4<0>, C4<0>;
v0x561fcda23730_0 .net "ena", 0 0, L_0x7f8ea3358060;  1 drivers
L_0x7f8ea33580a8 .functor BUFT 1, C4<1>, C4<0>, C4<0>, C4<0>;
v0x561fcda237f0_0 .net "enb", 0 0, L_0x7f8ea33580a8;  1 drivers
v0x561fcda238b0_0 .var "ram_data_a", 7 0;
v0x561fcda23990_0 .var "ram_data_b", 7 0;
L_0x7f8ea3358180 .functor BUFT 1, C4<1>, C4<0>, C4<0>, C4<0>;
v0x561fcda23a70_0 .net "regcea", 0 0, L_0x7f8ea3358180;  1 drivers
L_0x7f8ea33581c8 .functor BUFT 1, C4<1>, C4<0>, C4<0>, C4<0>;
v0x561fcda23b30_0 .net "regceb", 0 0, L_0x7f8ea33581c8;  1 drivers
L_0x7f8ea33580f0 .functor BUFT 1, C4<0>, C4<0>, C4<0>, C4<0>;
v0x561fcda23bf0_0 .net "rsta", 0 0, L_0x7f8ea33580f0;  1 drivers
L_0x7f8ea3358138 .functor BUFT 1, C4<0>, C4<0>, C4<0>, C4<0>;
v0x561fcda23cb0_0 .net "rstb", 0 0, L_0x7f8ea3358138;  1 drivers
v0x561fcda23d70_0 .net "wea", 0 0, L_0x561fcd9ff670;  1 drivers
L_0x7f8ea3358018 .functor BUFT 1, C4<0>, C4<0>, C4<0>, C4<0>;
v0x561fcda23e30_0 .net "web", 0 0, L_0x7f8ea3358018;  1 drivers
S_0x561fcda22890 .scope function.vec4.u32, "clogb2" "clogb2" 5 102, 5 102 0, S_0x561fcda22140;
 .timescale -9 -12;
; Variable clogb2 is vec4 return value of scope S_0x561fcda22890
v0x561fcd957780_0 .var/i "depth", 31 0;
TD_filter_manager_tb.filter_manager_inst.capture_buffer.clogb2 ;
    %pushi/vec4 0, 0, 32;
    %ret/vec4 0, 0, 32;  Assign to clogb2 (store_vec4_to_lval)
T_0.0 ;
    %load/vec4 v0x561fcd957780_0;
    %cmpi/s 0, 0, 32;
    %flag_or 5, 4; GT is !LE
    %flag_inv 5;
    %jmp/0xz T_0.1, 5;
    %load/vec4 v0x561fcd957780_0;
    %ix/load 4, 1, 0;
    %flag_set/imm 4, 0;
    %shiftr 4;
    %store/vec4 v0x561fcd957780_0, 0, 32;
    %retload/vec4 0; Load clogb2 (draw_signal_vec4)
    %addi 1, 0, 32;
    %ret/vec4 0, 0, 32;  Assign to clogb2 (store_vec4_to_lval)
    %jmp T_0.0;
T_0.1 ;
    %end;
S_0x561fcda22ae0 .scope generate, "init_bram_to_zero" "init_bram_to_zero" 5 41, 5 41 0, S_0x561fcda22140;
 .timescale -9 -12;
v0x561fcda00360_0 .var/i "ram_index", 31 0;
S_0x561fcda22d20 .scope generate, "output_register" "output_register" 5 70, 5 70 0, S_0x561fcda22140;
 .timescale -9 -12;
L_0x561fcd9d8590 .functor BUFZ 8, v0x561fcd9ffc60_0, C4<00000000>, C4<00000000>, C4<00000000>;
L_0x561fcd9f28f0 .functor BUFZ 8, v0x561fcda00040_0, C4<00000000>, C4<00000000>, C4<00000000>;
v0x561fcd9ffc60_0 .var "douta_reg", 7 0;
v0x561fcda00040_0 .var "doutb_reg", 7 0;
E_0x561fcd964830 .event posedge, v0x561fcda232a0_0;
S_0x561fcda240d0 .scope module, "debug_spi_interface" "spi_controller" 4 94, 6 4 0, S_0x561fcd9209c0;
 .timescale -9 -12;
    .port_info 0 /INPUT 1 "clk";
    .port_info 1 /INPUT 1 "rst";
    .port_info 2 /INPUT 1 "axiiv";
    .port_info 3 /INPUT 32 "axiid";
    .port_info 4 /OUTPUT 1 "axiov";
    .port_info 5 /OUTPUT 32 "axiod";
    .port_info 6 /OUTPUT 1 "axiready";
    .port_info 7 /OUTPUT 1 "spi_cs_n";
    .port_info 8 /OUTPUT 1 "spi_clk";
    .port_info 9 /OUTPUT 1 "spi_dout";
    .port_info 10 /INPUT 1 "spi_din";
P_0x561fcda24280 .param/l "CLOCK_DIVISION" 0 6 4, +C4<00000000000000000000000001100100>;
P_0x561fcda242c0 .param/l "CLOCK_DIVISION_COUNT_MAX" 1 6 26, +C4<000000000000000000000000000110001>;
P_0x561fcda24300 .param/l "STATE_IDLE" 1 6 32, C4<0001>;
P_0x561fcda24340 .param/l "STATE_RECEIVE" 1 6 33, C4<0010>;
P_0x561fcda24380 .param/l "STATE_TRANSMIT" 1 6 34, C4<0100>;
P_0x561fcda243c0 .param/l "STATE_WAIT" 1 6 35, C4<1000>;
P_0x561fcda24400 .param/l "TRANSACTION_LENGTH_BITS" 0 6 4, +C4<00000000000000000000000000100000>;
v0x561fcda24760_0 .net "axiid", 31 0, v0x561fcda30190_0;  1 drivers
v0x561fcda24840_0 .net "axiiv", 0 0, v0x561fcda30260_0;  1 drivers
v0x561fcda24900_0 .var "axiod", 31 0;
v0x561fcda249f0_0 .var "axiov", 0 0;
v0x561fcda24ab0_0 .var "axiready", 0 0;
v0x561fcda24bc0_0 .var "bits_counter", 5 0;
v0x561fcda24ca0_0 .net "clk", 0 0, v0x561fcda30ac0_0;  alias, 1 drivers
v0x561fcda24d40_0 .var "clock_divider", 6 0;
v0x561fcda24e00_0 .var "data_to_send", 31 0;
v0x561fcda24ee0_0 .net "rst", 0 0, v0x561fcda30ca0_0;  alias, 1 drivers
v0x561fcda24fa0_0 .var "spi_clk", 0 0;
v0x561fcda25060_0 .var "spi_cs_n", 0 0;
o0x7f8ea33a1978 .functor BUFZ 1, C4<z>; HiZ drive
v0x561fcda25120_0 .net "spi_din", 0 0, o0x7f8ea33a1978;  0 drivers
v0x561fcda251e0_0 .var "spi_din_buffer_1", 0 0;
v0x561fcda252a0_0 .var "spi_din_buffered", 0 0;
v0x561fcda25360_0 .var "spi_dout", 0 0;
v0x561fcda25420_0 .var "state", 3 0;
S_0x561fcda257d0 .scope module, "matched_filter_1" "matched_filter" 4 66, 7 4 0, S_0x561fcd9209c0;
 .timescale -9 -12;
    .port_info 0 /INPUT 1 "clk";
    .port_info 1 /INPUT 1 "rst";
    .port_info 2 /INPUT 1 "axiiv";
    .port_info 3 /INPUT 8 "axiid";
    .port_info 4 /OUTPUT 1 "axiov";
    .port_info 5 /OUTPUT 32 "axiod";
    .port_info 6 /OUTPUT 32 "dot_product_out";
    .port_info 7 /OUTPUT 32 "similarity_out";
P_0x561fcda08b70 .param/l "CAPTURE_LENGTH" 0 7 4, +C4<00000000000000000000001111101000>;
P_0x561fcda08bb0 .param/str "FINGERPRINT_MEMORY_FILE" 0 7 4, "sim/FT70D_bufferdump_1_zero_mean.memh";
P_0x561fcda08bf0 .param/l "MATCH_SCORE_WIDTH" 0 7 4, +C4<00000000000000000000000000100000>;
P_0x561fcda08c30 .param/l "SAMPLE_DATA_WIDTH" 0 7 4, +C4<00000000000000000000000000001000>;
P_0x561fcda08c70 .param/l "STATE_FILTER" 1 7 59, C4<0010>;
P_0x561fcda08cb0 .param/l "STATE_OUTPUT" 1 7 61, C4<1000>;
P_0x561fcda08cf0 .param/l "STATE_SIMILARITY" 1 7 60, C4<0100>;
P_0x561fcda08d30 .param/l "STATE_SUM" 1 7 58, C4<0001>;
P_0x561fcda08d70 .param/l "SUM_WIDTH" 1 7 46, +C4<00000000000000000000000000010010>;
L_0x7f8ea3358210 .functor BUFT 1, C4<00000000>, C4<0>, C4<0>, C4<0>;
v0x561fcda281b0_0 .net/2s *"_ivl_0", 7 0, L_0x7f8ea3358210;  1 drivers
v0x561fcda282b0_0 .net "axiid", 7 0, v0x561fcda2f9f0_0;  1 drivers
v0x561fcda28390_0 .var "axiid_pipe_1", 7 0;
v0x561fcda28450_0 .var "axiid_pipe_2", 7 0;
v0x561fcda28530_0 .net "axiiv", 0 0, v0x561fcda2fa90_0;  1 drivers
v0x561fcda285f0_0 .var "axiod", 31 0;
v0x561fcda286d0_0 .var "axiov", 0 0;
v0x561fcda28790_0 .net "clk", 0 0, v0x561fcda30ac0_0;  alias, 1 drivers
v0x561fcda28830_0 .var/s "dot_product", 31 0;
v0x561fcda28910_0 .var/s "dot_product_out", 31 0;
v0x561fcda289f0_0 .var/s "max_dot_product", 31 0;
v0x561fcda28ad0_0 .var/s "max_dot_product_phase_shift", 12 0;
v0x561fcda28bb0_0 .var/s "phase_shift", 12 0;
v0x561fcda28c90_0 .var "ram_read_addr", 9 0;
v0x561fcda28d50_0 .var "ram_read_addr_was_valid", 0 0;
v0x561fcda28df0_0 .var "ram_read_addr_was_valid_pipe_1", 0 0;
v0x561fcda28eb0_0 .var "ram_read_addr_was_valid_pipe_2", 0 0;
v0x561fcda29080_0 .net/s "ram_read_data", 7 0, v0x561fcda26be0_0;  1 drivers
v0x561fcda29140_0 .net/s "ram_read_data_if_valid", 7 0, L_0x561fcda313c0;  1 drivers
v0x561fcda29200_0 .var "ram_write_addr", 9 0;
v0x561fcda292f0_0 .var/s "ram_write_data", 7 0;
v0x561fcda293c0_0 .var "ram_write_enable", 0 0;
v0x561fcda29490_0 .net "rst", 0 0, v0x561fcda30ca0_0;  alias, 1 drivers
v0x561fcda29560_0 .var/s "sample_counter", 11 0;
v0x561fcda29600_0 .var/s "similarity_out", 31 0;
v0x561fcda296c0_0 .var/s "similarity_sum", 31 0;
v0x561fcda297a0_0 .var "state", 3 0;
v0x561fcda29880_0 .var "sum_accumulator", 17 0;
L_0x561fcda313c0 .functor MUXZ 8, L_0x7f8ea3358210, v0x561fcda26be0_0, v0x561fcda28eb0_0, C4<>;
S_0x561fcda25f40 .scope module, "fingerprint_buffer" "xilinx_true_dual_port_read_first_1_clock_ram" 7 28, 5 11 0, S_0x561fcda257d0;
 .timescale -9 -12;
    .port_info 0 /INPUT 10 "addra";
    .port_info 1 /INPUT 10 "addrb";
    .port_info 2 /INPUT 8 "dina";
    .port_info 3 /INPUT 8 "dinb";
    .port_info 4 /INPUT 1 "clka";
    .port_info 5 /INPUT 1 "wea";
    .port_info 6 /INPUT 1 "web";
    .port_info 7 /INPUT 1 "ena";
    .port_info 8 /INPUT 1 "enb";
    .port_info 9 /INPUT 1 "rsta";
    .port_info 10 /INPUT 1 "rstb";
    .port_info 11 /INPUT 1 "regcea";
    .port_info 12 /INPUT 1 "regceb";
    .port_info 13 /OUTPUT 8 "douta";
    .port_info 14 /OUTPUT 8 "doutb";
P_0x561fcda260d0 .param/str "INIT_FILE" 0 5 15, "sim/FT70D_bufferdump_1_zero_mean.memh";
P_0x561fcda26110 .param/str "NAME" 0 5 16, "Matched filter fingerprint buffer";
P_0x561fcda26150 .param/l "RAM_DEPTH" 0 5 13, +C4<00000000000000000000001111101000>;
P_0x561fcda26190 .param/str "RAM_PERFORMANCE" 0 5 14, "HIGH_PERFORMANCE";
P_0x561fcda261d0 .param/l "RAM_WIDTH" 0 5 12, +C4<00000000000000000000000000001000>;
v0x561fcda26fb0 .array "BRAM", 0 999, 7 0;
v0x561fcda27070_0 .net "addra", 9 0, v0x561fcda28c90_0;  1 drivers
v0x561fcda27150_0 .net "addrb", 9 0, v0x561fcda29200_0;  1 drivers
v0x561fcda27240_0 .net "clka", 0 0, v0x561fcda30ac0_0;  alias, 1 drivers
o0x7f8ea33a1d98 .functor BUFZ 8, C4<zzzzzzzz>; HiZ drive
v0x561fcda27330_0 .net "dina", 7 0, o0x7f8ea33a1d98;  0 drivers
v0x561fcda27460_0 .net "dinb", 7 0, v0x561fcda292f0_0;  1 drivers
v0x561fcda27540_0 .net "douta", 7 0, v0x561fcda26be0_0;  alias, 1 drivers
v0x561fcda27620_0 .net "doutb", 7 0, L_0x561fcd9cf6f0;  1 drivers
L_0x7f8ea33582a0 .functor BUFT 1, C4<1>, C4<0>, C4<0>, C4<0>;
v0x561fcda27700_0 .net "ena", 0 0, L_0x7f8ea33582a0;  1 drivers
L_0x7f8ea33582e8 .functor BUFT 1, C4<1>, C4<0>, C4<0>, C4<0>;
v0x561fcda277c0_0 .net "enb", 0 0, L_0x7f8ea33582e8;  1 drivers
v0x561fcda27880_0 .var "ram_data_a", 7 0;
v0x561fcda27960_0 .var "ram_data_b", 7 0;
L_0x7f8ea33583c0 .functor BUFT 1, C4<1>, C4<0>, C4<0>, C4<0>;
v0x561fcda27a40_0 .net "regcea", 0 0, L_0x7f8ea33583c0;  1 drivers
L_0x7f8ea3358408 .functor BUFT 1, C4<1>, C4<0>, C4<0>, C4<0>;
v0x561fcda27b00_0 .net "regceb", 0 0, L_0x7f8ea3358408;  1 drivers
L_0x7f8ea3358330 .functor BUFT 1, C4<0>, C4<0>, C4<0>, C4<0>;
v0x561fcda27bc0_0 .net "rsta", 0 0, L_0x7f8ea3358330;  1 drivers
L_0x7f8ea3358378 .functor BUFT 1, C4<0>, C4<0>, C4<0>, C4<0>;
v0x561fcda27c80_0 .net "rstb", 0 0, L_0x7f8ea3358378;  1 drivers
L_0x7f8ea3358258 .functor BUFT 1, C4<0>, C4<0>, C4<0>, C4<0>;
v0x561fcda27d40_0 .net "wea", 0 0, L_0x7f8ea3358258;  1 drivers
v0x561fcda27f10_0 .net "web", 0 0, v0x561fcda293c0_0;  1 drivers
S_0x561fcda266a0 .scope function.vec4.u32, "clogb2" "clogb2" 5 102, 5 102 0, S_0x561fcda25f40;
 .timescale -9 -12;
; Variable clogb2 is vec4 return value of scope S_0x561fcda266a0
v0x561fcda26950_0 .var/i "depth", 31 0;
TD_filter_manager_tb.filter_manager_inst.matched_filter_1.fingerprint_buffer.clogb2 ;
    %pushi/vec4 0, 0, 32;
    %ret/vec4 0, 0, 32;  Assign to clogb2 (store_vec4_to_lval)
T_1.2 ;
    %load/vec4 v0x561fcda26950_0;
    %cmpi/s 0, 0, 32;
    %flag_or 5, 4; GT is !LE
    %flag_inv 5;
    %jmp/0xz T_1.3, 5;
    %load/vec4 v0x561fcda26950_0;
    %ix/load 4, 1, 0;
    %flag_set/imm 4, 0;
    %shiftr 4;
    %store/vec4 v0x561fcda26950_0, 0, 32;
    %retload/vec4 0; Load clogb2 (draw_signal_vec4)
    %addi 1, 0, 32;
    %ret/vec4 0, 0, 32;  Assign to clogb2 (store_vec4_to_lval)
    %jmp T_1.2;
T_1.3 ;
    %end;
S_0x561fcda26a30 .scope generate, "output_register" "output_register" 5 70, 5 70 0, S_0x561fcda25f40;
 .timescale -9 -12;
L_0x561fcd9cf6f0 .functor BUFZ 8, v0x561fcda26cc0_0, C4<00000000>, C4<00000000>, C4<00000000>;
v0x561fcda26be0_0 .var "douta_reg", 7 0;
v0x561fcda26cc0_0 .var "doutb_reg", 7 0;
S_0x561fcda26da0 .scope generate, "use_init_file" "use_init_file" 5 41, 5 41 0, S_0x561fcda25f40;
 .timescale -9 -12;
S_0x561fcda29a60 .scope module, "matched_filter_2" "matched_filter" 4 75, 7 4 0, S_0x561fcd9209c0;
 .timescale -9 -12;
    .port_info 0 /INPUT 1 "clk";
    .port_info 1 /INPUT 1 "rst";
    .port_info 2 /INPUT 1 "axiiv";
    .port_info 3 /INPUT 8 "axiid";
    .port_info 4 /OUTPUT 1 "axiov";
    .port_info 5 /OUTPUT 32 "axiod";
    .port_info 6 /OUTPUT 32 "dot_product_out";
    .port_info 7 /OUTPUT 32 "similarity_out";
P_0x561fcda29bf0 .param/l "CAPTURE_LENGTH" 0 7 4, +C4<00000000000000000000001111101000>;
P_0x561fcda29c30 .param/str "FINGERPRINT_MEMORY_FILE" 0 7 4, "sim/FT3D_bufferdump_1_zero_mean.memh";
P_0x561fcda29c70 .param/l "MATCH_SCORE_WIDTH" 0 7 4, +C4<00000000000000000000000000100000>;
P_0x561fcda29cb0 .param/l "SAMPLE_DATA_WIDTH" 0 7 4, +C4<00000000000000000000000000001000>;
P_0x561fcda29cf0 .param/l "STATE_FILTER" 1 7 59, C4<0010>;
P_0x561fcda29d30 .param/l "STATE_OUTPUT" 1 7 61, C4<1000>;
P_0x561fcda29d70 .param/l "STATE_SIMILARITY" 1 7 60, C4<0100>;
P_0x561fcda29db0 .param/l "STATE_SUM" 1 7 58, C4<0001>;
P_0x561fcda29df0 .param/l "SUM_WIDTH" 1 7 46, +C4<00000000000000000000000000010010>;
L_0x7f8ea3358450 .functor BUFT 1, C4<00000000>, C4<0>, C4<0>, C4<0>;
v0x561fcda2c6f0_0 .net/2s *"_ivl_0", 7 0, L_0x7f8ea3358450;  1 drivers
v0x561fcda2c7f0_0 .net "axiid", 7 0, v0x561fcda2f9f0_0;  alias, 1 drivers
v0x561fcda2c8b0_0 .var "axiid_pipe_1", 7 0;
v0x561fcda2c980_0 .var "axiid_pipe_2", 7 0;
v0x561fcda2ca60_0 .net "axiiv", 0 0, v0x561fcda2fa90_0;  alias, 1 drivers
v0x561fcda2cb00_0 .var "axiod", 31 0;
v0x561fcda2cbc0_0 .var "axiov", 0 0;
v0x561fcda2cc80_0 .net "clk", 0 0, v0x561fcda30ac0_0;  alias, 1 drivers
v0x561fcda2cd20_0 .var/s "dot_product", 31 0;
v0x561fcda2ce00_0 .var/s "dot_product_out", 31 0;
v0x561fcda2cee0_0 .var/s "max_dot_product", 31 0;
v0x561fcda2cfc0_0 .var/s "max_dot_product_phase_shift", 12 0;
v0x561fcda2d0a0_0 .var/s "phase_shift", 12 0;
v0x561fcda2d180_0 .var "ram_read_addr", 9 0;
v0x561fcda2d270_0 .var "ram_read_addr_was_valid", 0 0;
v0x561fcda2d310_0 .var "ram_read_addr_was_valid_pipe_1", 0 0;
v0x561fcda2d3d0_0 .var "ram_read_addr_was_valid_pipe_2", 0 0;
v0x561fcda2d5a0_0 .net/s "ram_read_data", 7 0, v0x561fcda2b0b0_0;  1 drivers
v0x561fcda2d690_0 .net/s "ram_read_data_if_valid", 7 0, L_0x561fcda31710;  1 drivers
v0x561fcda2d750_0 .var "ram_write_addr", 9 0;
v0x561fcda2d840_0 .var/s "ram_write_data", 7 0;
v0x561fcda2d910_0 .var "ram_write_enable", 0 0;
v0x561fcda2d9e0_0 .net "rst", 0 0, v0x561fcda30ca0_0;  alias, 1 drivers
v0x561fcda2da80_0 .var/s "sample_counter", 11 0;
v0x561fcda2db20_0 .var/s "similarity_out", 31 0;
v0x561fcda2dc00_0 .var/s "similarity_sum", 31 0;
v0x561fcda2dce0_0 .var "state", 3 0;
v0x561fcda2ddc0_0 .var "sum_accumulator", 17 0;
L_0x561fcda31710 .functor MUXZ 8, L_0x7f8ea3358450, v0x561fcda2b0b0_0, v0x561fcda2d3d0_0, C4<>;
S_0x561fcda2a410 .scope module, "fingerprint_buffer" "xilinx_true_dual_port_read_first_1_clock_ram" 7 28, 5 11 0, S_0x561fcda29a60;
 .timescale -9 -12;
    .port_info 0 /INPUT 10 "addra";
    .port_info 1 /INPUT 10 "addrb";
    .port_info 2 /INPUT 8 "dina";
    .port_info 3 /INPUT 8 "dinb";
    .port_info 4 /INPUT 1 "clka";
    .port_info 5 /INPUT 1 "wea";
    .port_info 6 /INPUT 1 "web";
    .port_info 7 /INPUT 1 "ena";
    .port_info 8 /INPUT 1 "enb";
    .port_info 9 /INPUT 1 "rsta";
    .port_info 10 /INPUT 1 "rstb";
    .port_info 11 /INPUT 1 "regcea";
    .port_info 12 /INPUT 1 "regceb";
    .port_info 13 /OUTPUT 8 "douta";
    .port_info 14 /OUTPUT 8 "doutb";
P_0x561fcda2a5a0 .param/str "INIT_FILE" 0 5 15, "sim/FT3D_bufferdump_1_zero_mean.memh";
P_0x561fcda2a5e0 .param/str "NAME" 0 5 16, "Matched filter fingerprint buffer";
P_0x561fcda2a620 .param/l "RAM_DEPTH" 0 5 13, +C4<00000000000000000000001111101000>;
P_0x561fcda2a660 .param/str "RAM_PERFORMANCE" 0 5 14, "HIGH_PERFORMANCE";
P_0x561fcda2a6a0 .param/l "RAM_WIDTH" 0 5 12, +C4<00000000000000000000000000001000>;
v0x561fcda2b480 .array "BRAM", 0 999, 7 0;
v0x561fcda2b540_0 .net "addra", 9 0, v0x561fcda2d180_0;  1 drivers
v0x561fcda2b620_0 .net "addrb", 9 0, v0x561fcda2d750_0;  1 drivers
v0x561fcda2b710_0 .net "clka", 0 0, v0x561fcda30ac0_0;  alias, 1 drivers
o0x7f8ea33a2998 .functor BUFZ 8, C4<zzzzzzzz>; HiZ drive
v0x561fcda2b7b0_0 .net "dina", 7 0, o0x7f8ea33a2998;  0 drivers
v0x561fcda2b890_0 .net "dinb", 7 0, v0x561fcda2d840_0;  1 drivers
v0x561fcda2b970_0 .net "douta", 7 0, v0x561fcda2b0b0_0;  alias, 1 drivers
v0x561fcda2ba50_0 .net "doutb", 7 0, L_0x561fcda04320;  1 drivers
L_0x7f8ea33584e0 .functor BUFT 1, C4<1>, C4<0>, C4<0>, C4<0>;
v0x561fcda2bb30_0 .net "ena", 0 0, L_0x7f8ea33584e0;  1 drivers
L_0x7f8ea3358528 .functor BUFT 1, C4<1>, C4<0>, C4<0>, C4<0>;
v0x561fcda2bc80_0 .net "enb", 0 0, L_0x7f8ea3358528;  1 drivers
v0x561fcda2bd40_0 .var "ram_data_a", 7 0;
v0x561fcda2be20_0 .var "ram_data_b", 7 0;
L_0x7f8ea3358600 .functor BUFT 1, C4<1>, C4<0>, C4<0>, C4<0>;
v0x561fcda2bf00_0 .net "regcea", 0 0, L_0x7f8ea3358600;  1 drivers
L_0x7f8ea3358648 .functor BUFT 1, C4<1>, C4<0>, C4<0>, C4<0>;
v0x561fcda2bfc0_0 .net "regceb", 0 0, L_0x7f8ea3358648;  1 drivers
L_0x7f8ea3358570 .functor BUFT 1, C4<0>, C4<0>, C4<0>, C4<0>;
v0x561fcda2c080_0 .net "rsta", 0 0, L_0x7f8ea3358570;  1 drivers
L_0x7f8ea33585b8 .functor BUFT 1, C4<0>, C4<0>, C4<0>, C4<0>;
v0x561fcda2c140_0 .net "rstb", 0 0, L_0x7f8ea33585b8;  1 drivers
L_0x7f8ea3358498 .functor BUFT 1, C4<0>, C4<0>, C4<0>, C4<0>;
v0x561fcda2c200_0 .net "wea", 0 0, L_0x7f8ea3358498;  1 drivers
v0x561fcda2c3d0_0 .net "web", 0 0, v0x561fcda2d910_0;  1 drivers
S_0x561fcda2ab70 .scope function.vec4.u32, "clogb2" "clogb2" 5 102, 5 102 0, S_0x561fcda2a410;
 .timescale -9 -12;
; Variable clogb2 is vec4 return value of scope S_0x561fcda2ab70
v0x561fcda2ae20_0 .var/i "depth", 31 0;
TD_filter_manager_tb.filter_manager_inst.matched_filter_2.fingerprint_buffer.clogb2 ;
    %pushi/vec4 0, 0, 32;
    %ret/vec4 0, 0, 32;  Assign to clogb2 (store_vec4_to_lval)
T_2.4 ;
    %load/vec4 v0x561fcda2ae20_0;
    %cmpi/s 0, 0, 32;
    %flag_or 5, 4; GT is !LE
    %flag_inv 5;
    %jmp/0xz T_2.5, 5;
    %load/vec4 v0x561fcda2ae20_0;
    %ix/load 4, 1, 0;
    %flag_set/imm 4, 0;
    %shiftr 4;
    %store/vec4 v0x561fcda2ae20_0, 0, 32;
    %retload/vec4 0; Load clogb2 (draw_signal_vec4)
    %addi 1, 0, 32;
    %ret/vec4 0, 0, 32;  Assign to clogb2 (store_vec4_to_lval)
    %jmp T_2.4;
T_2.5 ;
    %end;
S_0x561fcda2af00 .scope generate, "output_register" "output_register" 5 70, 5 70 0, S_0x561fcda2a410;
 .timescale -9 -12;
L_0x561fcda04320 .functor BUFZ 8, v0x561fcda2b190_0, C4<00000000>, C4<00000000>, C4<00000000>;
v0x561fcda2b0b0_0 .var "douta_reg", 7 0;
v0x561fcda2b190_0 .var "doutb_reg", 7 0;
S_0x561fcda2b270 .scope generate, "use_init_file" "use_init_file" 5 41, 5 41 0, S_0x561fcda2a410;
 .timescale -9 -12;
S_0x561fcda2dff0 .scope module, "uart_inst" "uart" 4 47, 8 4 0, S_0x561fcd9209c0;
 .timescale -9 -12;
    .port_info 0 /INPUT 1 "clk";
    .port_info 1 /INPUT 1 "rst";
    .port_info 2 /INPUT 1 "axiiv";
    .port_info 3 /INPUT 8 "axiid";
    .port_info 4 /OUTPUT 1 "axiready";
    .port_info 5 /OUTPUT 1 "uart_tx";
P_0x561fcda2e1d0 .param/l "BAUD_RATE" 0 8 4, +C4<00000000000000011100001000000000>;
P_0x561fcda2e210 .param/l "CLOCK_CYCLES_PER_BIT" 1 8 13, +C4<00000000000000000000001101100100>;
P_0x561fcda2e250 .param/l "STATE_START" 1 8 22, C4<01>;
P_0x561fcda2e290 .param/l "STATE_TRANSMIT" 1 8 23, C4<10>;
v0x561fcda2e520_0 .net "axiid", 7 0, v0x561fcda30540_0;  1 drivers
v0x561fcda2e600_0 .net "axiid_parity", 0 0, L_0x561fcda312a0;  1 drivers
v0x561fcda2e6c0_0 .net "axiiv", 0 0, v0x561fcda30630_0;  1 drivers
v0x561fcda2e790_0 .var "axiready", 0 0;
v0x561fcda2e850_0 .net "clk", 0 0, v0x561fcda30ac0_0;  alias, 1 drivers
v0x561fcda2e940_0 .net "rst", 0 0, v0x561fcda30ca0_0;  alias, 1 drivers
v0x561fcda2e9e0_0 .var "state", 1 0;
v0x561fcda2eac0_0 .var "tx_bit_counter", 4 0;
v0x561fcda2eba0_0 .var "tx_buffer", 15 0;
v0x561fcda2ec80_0 .var "tx_clock_counter", 9 0;
v0x561fcda2ed60_0 .var "uart_tx", 0 0;
L_0x561fcda312a0 .reduce/xor v0x561fcda30540_0;
    .scope S_0x561fcda22ae0;
T_3 ;
    %pushi/vec4 0, 0, 32;
    %store/vec4 v0x561fcda00360_0, 0, 32;
T_3.0 ;
    %load/vec4 v0x561fcda00360_0;
    %cmpi/s 1000, 0, 32;
    %jmp/0xz T_3.1, 5;
    %pushi/vec4 0, 0, 8;
    %ix/getv/s 4, v0x561fcda00360_0;
    %store/vec4a v0x561fcda22ff0, 4, 0;
    %load/vec4 v0x561fcda00360_0;
    %addi 1, 0, 32;
    %store/vec4 v0x561fcda00360_0, 0, 32;
    %jmp T_3.0;
T_3.1 ;
    %end;
    .thread T_3;
    .scope S_0x561fcda22d20;
T_4 ;
    %pushi/vec4 0, 0, 8;
    %store/vec4 v0x561fcd9ffc60_0, 0, 8;
    %pushi/vec4 0, 0, 8;
    %store/vec4 v0x561fcda00040_0, 0, 8;
    %end;
    .thread T_4, $init;
    .scope S_0x561fcda22d20;
T_5 ;
    %wait E_0x561fcd964830;
    %load/vec4 v0x561fcda23bf0_0;
    %flag_set/vec4 8;
    %jmp/0xz  T_5.0, 8;
    %pushi/vec4 0, 0, 8;
    %assign/vec4 v0x561fcd9ffc60_0, 0;
    %jmp T_5.1;
T_5.0 ;
    %load/vec4 v0x561fcda23a70_0;
    %flag_set/vec4 8;
    %jmp/0xz  T_5.2, 8;
    %load/vec4 v0x561fcda238b0_0;
    %assign/vec4 v0x561fcd9ffc60_0, 0;
T_5.2 ;
T_5.1 ;
    %jmp T_5;
    .thread T_5;
    .scope S_0x561fcda22d20;
T_6 ;
    %wait E_0x561fcd964830;
    %load/vec4 v0x561fcda23cb0_0;
    %flag_set/vec4 8;
    %jmp/0xz  T_6.0, 8;
    %pushi/vec4 0, 0, 8;
    %assign/vec4 v0x561fcda00040_0, 0;
    %jmp T_6.1;
T_6.0 ;
    %load/vec4 v0x561fcda23b30_0;
    %flag_set/vec4 8;
    %jmp/0xz  T_6.2, 8;
    %load/vec4 v0x561fcda23990_0;
    %assign/vec4 v0x561fcda00040_0, 0;
T_6.2 ;
T_6.1 ;
    %jmp T_6;
    .thread T_6;
    .scope S_0x561fcda22140;
T_7 ;
    %pushi/vec4 0, 0, 8;
    %store/vec4 v0x561fcda238b0_0, 0, 8;
    %pushi/vec4 0, 0, 8;
    %store/vec4 v0x561fcda23990_0, 0, 8;
    %end;
    .thread T_7, $init;
    .scope S_0x561fcda22140;
T_8 ;
    %wait E_0x561fcd964830;
    %load/vec4 v0x561fcda23730_0;
    %flag_set/vec4 8;
    %jmp/0xz  T_8.0, 8;
    %load/vec4 v0x561fcda23d70_0;
    %flag_set/vec4 8;
    %jmp/0xz  T_8.2, 8;
    %load/vec4 v0x561fcda23360_0;
    %load/vec4 v0x561fcda230d0_0;
    %pad/u 11;
    %ix/vec4 3;
    %ix/load 4, 0, 0; Constant delay
    %assign/vec4/a/d v0x561fcda22ff0, 0, 4;
    %vpi_call/w 5 56 "$display", "Writing %d to RAM %s at address %d.", v0x561fcda23360_0, P_0x561fcda22360, v0x561fcda230d0_0 {0 0 0};
T_8.2 ;
    %load/vec4 v0x561fcda230d0_0;
    %pad/u 11;
    %ix/vec4 4;
    %load/vec4a v0x561fcda22ff0, 4;
    %assign/vec4 v0x561fcda238b0_0, 0;
T_8.0 ;
    %jmp T_8;
    .thread T_8;
    .scope S_0x561fcda22140;
T_9 ;
    %wait E_0x561fcd964830;
    %load/vec4 v0x561fcda237f0_0;
    %flag_set/vec4 8;
    %jmp/0xz  T_9.0, 8;
    %load/vec4 v0x561fcda23e30_0;
    %flag_set/vec4 8;
    %jmp/0xz  T_9.2, 8;
    %load/vec4 v0x561fcda23490_0;
    %load/vec4 v0x561fcda231b0_0;
    %pad/u 11;
    %ix/vec4 3;
    %ix/load 4, 0, 0; Constant delay
    %assign/vec4/a/d v0x561fcda22ff0, 0, 4;
T_9.2 ;
    %load/vec4 v0x561fcda231b0_0;
    %pad/u 11;
    %ix/vec4 4;
    %load/vec4a v0x561fcda22ff0, 4;
    %assign/vec4 v0x561fcda23990_0, 0;
T_9.0 ;
    %jmp T_9;
    .thread T_9;
    .scope S_0x561fcda2dff0;
T_10 ;
    %wait E_0x561fcd964830;
    %load/vec4 v0x561fcda2e940_0;
    %flag_set/vec4 8;
    %jmp/0xz  T_10.0, 8;
    %pushi/vec4 0, 0, 16;
    %assign/vec4 v0x561fcda2eba0_0, 0;
    %pushi/vec4 0, 0, 10;
    %assign/vec4 v0x561fcda2ec80_0, 0;
    %pushi/vec4 16, 0, 5;
    %assign/vec4 v0x561fcda2eac0_0, 0;
    %pushi/vec4 1, 0, 2;
    %assign/vec4 v0x561fcda2e9e0_0, 0;
    %jmp T_10.1;
T_10.0 ;
    %load/vec4 v0x561fcda2e9e0_0;
    %dup/vec4;
    %pushi/vec4 1, 0, 2;
    %cmp/u;
    %jmp/1 T_10.2, 6;
    %dup/vec4;
    %pushi/vec4 2, 0, 2;
    %cmp/u;
    %jmp/1 T_10.3, 6;
    %pushi/vec4 1, 0, 2;
    %assign/vec4 v0x561fcda2e9e0_0, 0;
    %jmp T_10.5;
T_10.2 ;
    %load/vec4 v0x561fcda2e6c0_0;
    %flag_set/vec4 8;
    %jmp/0xz  T_10.6, 8;
    %pushi/vec4 0, 0, 1;
    %load/vec4 v0x561fcda2e520_0;
    %parti/s 1, 0, 2;
    %concat/vec4; draw_concat_vec4
    %load/vec4 v0x561fcda2e520_0;
    %parti/s 1, 1, 2;
    %concat/vec4; draw_concat_vec4
    %load/vec4 v0x561fcda2e520_0;
    %parti/s 1, 2, 3;
    %concat/vec4; draw_concat_vec4
    %load/vec4 v0x561fcda2e520_0;
    %parti/s 1, 3, 3;
    %concat/vec4; draw_concat_vec4
    %load/vec4 v0x561fcda2e520_0;
    %parti/s 1, 4, 4;
    %concat/vec4; draw_concat_vec4
    %load/vec4 v0x561fcda2e520_0;
    %parti/s 1, 5, 4;
    %concat/vec4; draw_concat_vec4
    %load/vec4 v0x561fcda2e520_0;
    %parti/s 1, 6, 4;
    %concat/vec4; draw_concat_vec4
    %load/vec4 v0x561fcda2e520_0;
    %parti/s 1, 7, 4;
    %concat/vec4; draw_concat_vec4
    %load/vec4 v0x561fcda2e600_0;
    %concat/vec4; draw_concat_vec4
    %concati/vec4 1, 0, 1;
    %concati/vec4 31, 0, 5;
    %assign/vec4 v0x561fcda2eba0_0, 0;
    %pushi/vec4 0, 0, 10;
    %assign/vec4 v0x561fcda2ec80_0, 0;
    %pushi/vec4 16, 0, 5;
    %assign/vec4 v0x561fcda2eac0_0, 0;
    %pushi/vec4 0, 0, 1;
    %assign/vec4 v0x561fcda2e790_0, 0;
    %vpi_call/w 8 41 "$display", "UART transmitting decimal %d hex %h.", v0x561fcda2e520_0, v0x561fcda2e520_0 {0 0 0};
    %pushi/vec4 2, 0, 2;
    %assign/vec4 v0x561fcda2e9e0_0, 0;
    %jmp T_10.7;
T_10.6 ;
    %pushi/vec4 1, 0, 1;
    %assign/vec4 v0x561fcda2ed60_0, 0;
    %pushi/vec4 1, 0, 1;
    %assign/vec4 v0x561fcda2e790_0, 0;
T_10.7 ;
    %jmp T_10.5;
T_10.3 ;
    %load/vec4 v0x561fcda2ec80_0;
    %pad/u 32;
    %cmpi/e 0, 0, 32;
    %jmp/0xz  T_10.8, 4;
    %load/vec4 v0x561fcda2eac0_0;
    %pad/u 32;
    %cmpi/e 0, 0, 32;
    %jmp/0xz  T_10.10, 4;
    %pushi/vec4 1, 0, 2;
    %assign/vec4 v0x561fcda2e9e0_0, 0;
    %jmp T_10.11;
T_10.10 ;
    %load/vec4 v0x561fcda2eba0_0;
    %load/vec4 v0x561fcda2eac0_0;
    %pad/u 32;
    %subi 1, 0, 32;
    %part/u 1;
    %assign/vec4 v0x561fcda2ed60_0, 0;
    %load/vec4 v0x561fcda2eac0_0;
    %subi 1, 0, 5;
    %assign/vec4 v0x561fcda2eac0_0, 0;
    %load/vec4 v0x561fcda2ec80_0;
    %addi 1, 0, 10;
    %assign/vec4 v0x561fcda2ec80_0, 0;
T_10.11 ;
    %jmp T_10.9;
T_10.8 ;
    %load/vec4 v0x561fcda2ec80_0;
    %pad/u 32;
    %cmpi/e 868, 0, 32;
    %jmp/0xz  T_10.12, 4;
    %pushi/vec4 0, 0, 10;
    %assign/vec4 v0x561fcda2ec80_0, 0;
    %jmp T_10.13;
T_10.12 ;
    %load/vec4 v0x561fcda2ec80_0;
    %addi 1, 0, 10;
    %assign/vec4 v0x561fcda2ec80_0, 0;
T_10.13 ;
T_10.9 ;
    %jmp T_10.5;
T_10.5 ;
    %pop/vec4 1;
T_10.1 ;
    %jmp T_10;
    .thread T_10;
    .scope S_0x561fcda26da0;
T_11 ;
    %vpi_call/w 5 43 "$readmemh", P_0x561fcda260d0, v0x561fcda26fb0, 32'sb00000000000000000000000000000000, 32'sb00000000000000000000001111100111 {0 0 0};
    %end;
    .thread T_11;
    .scope S_0x561fcda26a30;
T_12 ;
    %pushi/vec4 0, 0, 8;
    %store/vec4 v0x561fcda26be0_0, 0, 8;
    %pushi/vec4 0, 0, 8;
    %store/vec4 v0x561fcda26cc0_0, 0, 8;
    %end;
    .thread T_12, $init;
    .scope S_0x561fcda26a30;
T_13 ;
    %wait E_0x561fcd964830;
    %load/vec4 v0x561fcda27bc0_0;
    %flag_set/vec4 8;
    %jmp/0xz  T_13.0, 8;
    %pushi/vec4 0, 0, 8;
    %assign/vec4 v0x561fcda26be0_0, 0;
    %jmp T_13.1;
T_13.0 ;
    %load/vec4 v0x561fcda27a40_0;
    %flag_set/vec4 8;
    %jmp/0xz  T_13.2, 8;
    %load/vec4 v0x561fcda27880_0;
    %assign/vec4 v0x561fcda26be0_0, 0;
T_13.2 ;
T_13.1 ;
    %jmp T_13;
    .thread T_13;
    .scope S_0x561fcda26a30;
T_14 ;
    %wait E_0x561fcd964830;
    %load/vec4 v0x561fcda27c80_0;
    %flag_set/vec4 8;
    %jmp/0xz  T_14.0, 8;
    %pushi/vec4 0, 0, 8;
    %assign/vec4 v0x561fcda26cc0_0, 0;
    %jmp T_14.1;
T_14.0 ;
    %load/vec4 v0x561fcda27b00_0;
    %flag_set/vec4 8;
    %jmp/0xz  T_14.2, 8;
    %load/vec4 v0x561fcda27960_0;
    %assign/vec4 v0x561fcda26cc0_0, 0;
T_14.2 ;
T_14.1 ;
    %jmp T_14;
    .thread T_14;
    .scope S_0x561fcda25f40;
T_15 ;
    %pushi/vec4 0, 0, 8;
    %store/vec4 v0x561fcda27880_0, 0, 8;
    %pushi/vec4 0, 0, 8;
    %store/vec4 v0x561fcda27960_0, 0, 8;
    %end;
    .thread T_15, $init;
    .scope S_0x561fcda25f40;
T_16 ;
    %wait E_0x561fcd964830;
    %load/vec4 v0x561fcda27700_0;
    %flag_set/vec4 8;
    %jmp/0xz  T_16.0, 8;
    %load/vec4 v0x561fcda27d40_0;
    %flag_set/vec4 8;
    %jmp/0xz  T_16.2, 8;
    %load/vec4 v0x561fcda27330_0;
    %load/vec4 v0x561fcda27070_0;
    %pad/u 11;
    %ix/vec4 3;
    %ix/load 4, 0, 0; Constant delay
    %assign/vec4/a/d v0x561fcda26fb0, 0, 4;
    %vpi_call/w 5 56 "$display", "Writing %d to RAM %s at address %d.", v0x561fcda27330_0, P_0x561fcda26110, v0x561fcda27070_0 {0 0 0};
T_16.2 ;
    %load/vec4 v0x561fcda27070_0;
    %pad/u 11;
    %ix/vec4 4;
    %load/vec4a v0x561fcda26fb0, 4;
    %assign/vec4 v0x561fcda27880_0, 0;
T_16.0 ;
    %jmp T_16;
    .thread T_16;
    .scope S_0x561fcda25f40;
T_17 ;
    %wait E_0x561fcd964830;
    %load/vec4 v0x561fcda277c0_0;
    %flag_set/vec4 8;
    %jmp/0xz  T_17.0, 8;
    %load/vec4 v0x561fcda27f10_0;
    %flag_set/vec4 8;
    %jmp/0xz  T_17.2, 8;
    %load/vec4 v0x561fcda27460_0;
    %load/vec4 v0x561fcda27150_0;
    %pad/u 11;
    %ix/vec4 3;
    %ix/load 4, 0, 0; Constant delay
    %assign/vec4/a/d v0x561fcda26fb0, 0, 4;
T_17.2 ;
    %load/vec4 v0x561fcda27150_0;
    %pad/u 11;
    %ix/vec4 4;
    %load/vec4a v0x561fcda26fb0, 4;
    %assign/vec4 v0x561fcda27960_0, 0;
T_17.0 ;
    %jmp T_17;
    .thread T_17;
    .scope S_0x561fcda257d0;
T_18 ;
    %wait E_0x561fcd964830;
    %load/vec4 v0x561fcda29490_0;
    %flag_set/vec4 8;
    %jmp/0xz  T_18.0, 8;
    %pushi/vec4 0, 0, 18;
    %assign/vec4 v0x561fcda29880_0, 0;
    %pushi/vec4 0, 0, 10;
    %assign/vec4 v0x561fcda28c90_0, 0;
    %pushi/vec4 0, 0, 10;
    %assign/vec4 v0x561fcda29200_0, 0;
    %pushi/vec4 0, 0, 8;
    %assign/vec4 v0x561fcda292f0_0, 0;
    %pushi/vec4 0, 0, 1;
    %assign/vec4 v0x561fcda293c0_0, 0;
    %pushi/vec4 0, 0, 8;
    %assign/vec4 v0x561fcda28390_0, 0;
    %pushi/vec4 0, 0, 8;
    %assign/vec4 v0x561fcda28450_0, 0;
    %pushi/vec4 0, 0, 32;
    %assign/vec4 v0x561fcda28830_0, 0;
    %pushi/vec4 0, 0, 32;
    %assign/vec4 v0x561fcda289f0_0, 0;
    %pushi/vec4 0, 0, 12;
    %assign/vec4 v0x561fcda29560_0, 0;
    %pushi/vec4 7192, 0, 13;
    %assign/vec4 v0x561fcda28bb0_0, 0;
    %pushi/vec4 0, 0, 1;
    %assign/vec4 v0x561fcda28d50_0, 0;
    %pushi/vec4 0, 0, 1;
    %assign/vec4 v0x561fcda28df0_0, 0;
    %pushi/vec4 0, 0, 1;
    %assign/vec4 v0x561fcda28eb0_0, 0;
    %pushi/vec4 0, 0, 13;
    %assign/vec4 v0x561fcda28ad0_0, 0;
    %pushi/vec4 0, 0, 32;
    %assign/vec4 v0x561fcda296c0_0, 0;
    %pushi/vec4 1, 0, 4;
    %assign/vec4 v0x561fcda297a0_0, 0;
    %jmp T_18.1;
T_18.0 ;
    %load/vec4 v0x561fcda297a0_0;
    %dup/vec4;
    %pushi/vec4 1, 0, 4;
    %cmp/u;
    %jmp/1 T_18.2, 6;
    %dup/vec4;
    %pushi/vec4 2, 0, 4;
    %cmp/u;
    %jmp/1 T_18.3, 6;
    %dup/vec4;
    %pushi/vec4 4, 0, 4;
    %cmp/u;
    %jmp/1 T_18.4, 6;
    %dup/vec4;
    %pushi/vec4 8, 0, 4;
    %cmp/u;
    %jmp/1 T_18.5, 6;
    %pushi/vec4 1, 0, 4;
    %assign/vec4 v0x561fcda297a0_0, 0;
    %jmp T_18.7;
T_18.2 ;
    %load/vec4 v0x561fcda29560_0;
    %pad/s 32;
    %cmpi/e 1000, 0, 32;
    %jmp/0xz  T_18.8, 4;
    %load/vec4 v0x561fcda29880_0;
    %pad/u 32;
    %pushi/vec4 1000, 0, 32;
    %div;
    %pad/u 18;
    %assign/vec4 v0x561fcda29880_0, 0;
    %load/vec4 v0x561fcda29880_0;
    %pad/u 32;
    %pushi/vec4 1000, 0, 32;
    %div;
    %vpi_call/w 7 88 "$display", "Mean of signal computed: %d", S<0,vec4,u32> {1 0 0};
    %pushi/vec4 7192, 0, 13;
    %assign/vec4 v0x561fcda28bb0_0, 0;
    %pushi/vec4 0, 0, 12;
    %assign/vec4 v0x561fcda29560_0, 0;
    %pushi/vec4 0, 0, 32;
    %assign/vec4 v0x561fcda28830_0, 0;
    %pushi/vec4 0, 0, 32;
    %assign/vec4 v0x561fcda289f0_0, 0;
    %vpi_call/w 7 93 "$display", "Matched filter transitioning to STATE_FILTER." {0 0 0};
    %pushi/vec4 2, 0, 4;
    %assign/vec4 v0x561fcda297a0_0, 0;
    %jmp T_18.9;
T_18.8 ;
    %load/vec4 v0x561fcda28530_0;
    %flag_set/vec4 8;
    %jmp/0xz  T_18.10, 8;
    %load/vec4 v0x561fcda29880_0;
    %load/vec4 v0x561fcda282b0_0;
    %pad/u 18;
    %add;
    %assign/vec4 v0x561fcda29880_0, 0;
    %load/vec4 v0x561fcda29560_0;
    %addi 1, 0, 12;
    %assign/vec4 v0x561fcda29560_0, 0;
    %jmp T_18.11;
T_18.10 ;
    %pushi/vec4 0, 0, 18;
    %assign/vec4 v0x561fcda29880_0, 0;
    %pushi/vec4 0, 0, 12;
    %assign/vec4 v0x561fcda29560_0, 0;
T_18.11 ;
T_18.9 ;
    %pushi/vec4 0, 0, 1;
    %assign/vec4 v0x561fcda286d0_0, 0;
    %jmp T_18.7;
T_18.3 ;
    %load/vec4 v0x561fcda28bb0_0;
    %pad/s 32;
    %cmpi/e 1000, 0, 32;
    %jmp/0xz  T_18.12, 4;
    %vpi_call/w 7 110 "$display", "Matched filter transitioning to STATE_SIMILARITY." {0 0 0};
    %pushi/vec4 0, 0, 12;
    %assign/vec4 v0x561fcda29560_0, 0;
    %pushi/vec4 0, 0, 32;
    %assign/vec4 v0x561fcda296c0_0, 0;
    %pushi/vec4 4, 0, 4;
    %assign/vec4 v0x561fcda297a0_0, 0;
T_18.12 ;
    %load/vec4 v0x561fcda29560_0;
    %pad/s 32;
    %cmpi/e 1000, 0, 32;
    %jmp/0xz  T_18.14, 4;
    %vpi_call/w 7 117 "$display", "Dot product for phase shift %d is %d.", v0x561fcda28bb0_0, v0x561fcda28830_0 {0 0 0};
    %load/vec4 v0x561fcda28830_0;
    %assign/vec4 v0x561fcda28910_0, 0;
    %load/vec4 v0x561fcda289f0_0;
    %load/vec4 v0x561fcda28830_0;
    %cmp/s;
    %jmp/0xz  T_18.16, 5;
    %load/vec4 v0x561fcda28830_0;
    %assign/vec4 v0x561fcda289f0_0, 0;
    %load/vec4 v0x561fcda28bb0_0;
    %assign/vec4 v0x561fcda28ad0_0, 0;
T_18.16 ;
    %pushi/vec4 0, 0, 32;
    %assign/vec4 v0x561fcda28830_0, 0;
    %load/vec4 v0x561fcda28bb0_0;
    %addi 1, 0, 13;
    %assign/vec4 v0x561fcda28bb0_0, 0;
    %pushi/vec4 0, 0, 12;
    %assign/vec4 v0x561fcda29560_0, 0;
    %jmp T_18.15;
T_18.14 ;
    %load/vec4 v0x561fcda28530_0;
    %flag_set/vec4 8;
    %jmp/0xz  T_18.18, 8;
    %load/vec4 v0x561fcda29560_0;
    %pad/s 13;
    %load/vec4 v0x561fcda28bb0_0;
    %cmp/s;
    %flag_mov 8, 5;
    %jmp/0 T_18.20, 8;
    %pushi/vec4 0, 0, 13;
    %jmp/1 T_18.21, 8;
T_18.20 ; End of true expr.
    %load/vec4 v0x561fcda29560_0;
    %pad/u 13;
    %load/vec4 v0x561fcda28bb0_0;
    %sub;
    %jmp/0 T_18.21, 8;
 ; End of false expr.
    %blend;
T_18.21;
    %pad/u 10;
    %assign/vec4 v0x561fcda28c90_0, 0;
    %load/vec4 v0x561fcda28bb0_0;
    %load/vec4 v0x561fcda29560_0;
    %pad/s 13;
    %cmp/s;
    %flag_get/vec4 5;
    %load/vec4 v0x561fcda29560_0;
    %pad/s 32;
    %load/vec4 v0x561fcda28bb0_0;
    %pad/s 32;
    %sub;
    %cmpi/s 1000, 0, 32;
    %flag_get/vec4 5;
    %and;
    %assign/vec4 v0x561fcda28d50_0, 0;
    %load/vec4 v0x561fcda28d50_0;
    %assign/vec4 v0x561fcda28df0_0, 0;
    %load/vec4 v0x561fcda28df0_0;
    %assign/vec4 v0x561fcda28eb0_0, 0;
    %load/vec4 v0x561fcda282b0_0;
    %assign/vec4 v0x561fcda28390_0, 0;
    %load/vec4 v0x561fcda28390_0;
    %assign/vec4 v0x561fcda28450_0, 0;
    %load/vec4 v0x561fcda28830_0;
    %load/vec4 v0x561fcda29140_0;
    %pad/s 18;
    %load/vec4 v0x561fcda28450_0;
    %pad/s 18;
    %load/vec4 v0x561fcda29880_0;
    %sub;
    %mul;
    %pad/s 32;
    %add;
    %assign/vec4 v0x561fcda28830_0, 0;
    %load/vec4 v0x561fcda29560_0;
    %addi 1, 0, 12;
    %assign/vec4 v0x561fcda29560_0, 0;
T_18.18 ;
T_18.15 ;
    %jmp T_18.7;
T_18.4 ;
    %load/vec4 v0x561fcda29560_0;
    %pad/s 32;
    %cmpi/e 1000, 0, 32;
    %jmp/0xz  T_18.22, 4;
    %pushi/vec4 0, 0, 12;
    %assign/vec4 v0x561fcda29560_0, 0;
    %pushi/vec4 8, 0, 4;
    %assign/vec4 v0x561fcda297a0_0, 0;
    %jmp T_18.23;
T_18.22 ;
    %load/vec4 v0x561fcda28530_0;
    %flag_set/vec4 8;
    %jmp/0xz  T_18.24, 8;
    %load/vec4 v0x561fcda29560_0;
    %pad/s 13;
    %load/vec4 v0x561fcda28ad0_0;
    %cmp/s;
    %flag_mov 8, 5;
    %jmp/0 T_18.26, 8;
    %pushi/vec4 0, 0, 13;
    %jmp/1 T_18.27, 8;
T_18.26 ; End of true expr.
    %load/vec4 v0x561fcda29560_0;
    %pad/s 13;
    %load/vec4 v0x561fcda28ad0_0;
    %sub;
    %jmp/0 T_18.27, 8;
 ; End of false expr.
    %blend;
T_18.27;
    %pad/s 10;
    %assign/vec4 v0x561fcda28c90_0, 0;
    %load/vec4 v0x561fcda28ad0_0;
    %load/vec4 v0x561fcda29560_0;
    %pad/s 13;
    %cmp/s;
    %flag_get/vec4 5;
    %load/vec4 v0x561fcda29560_0;
    %pad/s 32;
    %load/vec4 v0x561fcda28ad0_0;
    %pad/s 32;
    %sub;
    %cmpi/s 1000, 0, 32;
    %flag_get/vec4 5;
    %and;
    %assign/vec4 v0x561fcda28d50_0, 0;
    %load/vec4 v0x561fcda28d50_0;
    %assign/vec4 v0x561fcda28df0_0, 0;
    %load/vec4 v0x561fcda28df0_0;
    %assign/vec4 v0x561fcda28eb0_0, 0;
    %load/vec4 v0x561fcda282b0_0;
    %assign/vec4 v0x561fcda28390_0, 0;
    %load/vec4 v0x561fcda28390_0;
    %assign/vec4 v0x561fcda28450_0, 0;
    %load/vec4 v0x561fcda296c0_0;
    %load/vec4 v0x561fcda28450_0;
    %pad/s 18;
    %load/vec4 v0x561fcda29880_0;
    %sub;
    %load/vec4 v0x561fcda29140_0;
    %pad/s 18;
    %sub;
    %pad/s 16;
    %pad/s 32;
    %load/vec4 v0x561fcda28450_0;
    %pad/s 18;
    %load/vec4 v0x561fcda29880_0;
    %sub;
    %load/vec4 v0x561fcda29140_0;
    %pad/s 18;
    %sub;
    %pad/s 16;
    %pad/s 32;
    %mul;
    %add;
    %assign/vec4 v0x561fcda296c0_0, 0;
    %load/vec4 v0x561fcda28450_0;
    %pad/s 18;
    %load/vec4 v0x561fcda29880_0;
    %sub;
    %load/vec4 v0x561fcda29140_0;
    %pad/s 18;
    %sub;
    %pad/s 16;
    %pad/s 32;
    %load/vec4 v0x561fcda28450_0;
    %pad/s 18;
    %load/vec4 v0x561fcda29880_0;
    %sub;
    %load/vec4 v0x561fcda29140_0;
    %pad/s 18;
    %sub;
    %pad/s 16;
    %pad/s 32;
    %mul;
    %assign/vec4 v0x561fcda29600_0, 0;
    %load/vec4 v0x561fcda28450_0;
    %pad/s 18;
    %load/vec4 v0x561fcda29880_0;
    %sub;
    %load/vec4 v0x561fcda29140_0;
    %pad/s 18;
    %sub;
    %pad/s 16;
    %load/vec4 v0x561fcda28450_0;
    %pad/s 18;
    %load/vec4 v0x561fcda29880_0;
    %sub;
    %load/vec4 v0x561fcda29140_0;
    %pad/s 18;
    %sub;
    %pad/s 16;
    %mul;
    %vpi_call/w 7 159 "$display", "Similarity for index %d is: %d", v0x561fcda29560_0, S<0,vec4,s16> {1 0 0};
    %load/vec4 v0x561fcda29560_0;
    %addi 1, 0, 12;
    %assign/vec4 v0x561fcda29560_0, 0;
T_18.24 ;
T_18.23 ;
    %jmp T_18.7;
T_18.5 ;
    %load/vec4 v0x561fcda289f0_0;
    %vpi_call/w 7 165 "$display", "max_dot_product for %s: %d", P_0x561fcda08bb0, S<0,vec4,s32> {1 0 0};
    %load/vec4 v0x561fcda296c0_0;
    %vpi_call/w 7 166 "$display", "similarity_sum for %s: %d", P_0x561fcda08bb0, S<0,vec4,s32> {1 0 0};
    %vpi_call/w 7 167 "$display", "Matched filter transitioning to STATE_SUM." {0 0 0};
    %pushi/vec4 1, 0, 1;
    %assign/vec4 v0x561fcda286d0_0, 0;
    %load/vec4 v0x561fcda296c0_0;
    %assign/vec4 v0x561fcda285f0_0, 0;
    %pushi/vec4 1, 0, 4;
    %assign/vec4 v0x561fcda297a0_0, 0;
    %jmp T_18.7;
T_18.7 ;
    %pop/vec4 1;
T_18.1 ;
    %jmp T_18;
    .thread T_18;
    .scope S_0x561fcda2b270;
T_19 ;
    %vpi_call/w 5 43 "$readmemh", P_0x561fcda2a5a0, v0x561fcda2b480, 32'sb00000000000000000000000000000000, 32'sb00000000000000000000001111100111 {0 0 0};
    %end;
    .thread T_19;
    .scope S_0x561fcda2af00;
T_20 ;
    %pushi/vec4 0, 0, 8;
    %store/vec4 v0x561fcda2b0b0_0, 0, 8;
    %pushi/vec4 0, 0, 8;
    %store/vec4 v0x561fcda2b190_0, 0, 8;
    %end;
    .thread T_20, $init;
    .scope S_0x561fcda2af00;
T_21 ;
    %wait E_0x561fcd964830;
    %load/vec4 v0x561fcda2c080_0;
    %flag_set/vec4 8;
    %jmp/0xz  T_21.0, 8;
    %pushi/vec4 0, 0, 8;
    %assign/vec4 v0x561fcda2b0b0_0, 0;
    %jmp T_21.1;
T_21.0 ;
    %load/vec4 v0x561fcda2bf00_0;
    %flag_set/vec4 8;
    %jmp/0xz  T_21.2, 8;
    %load/vec4 v0x561fcda2bd40_0;
    %assign/vec4 v0x561fcda2b0b0_0, 0;
T_21.2 ;
T_21.1 ;
    %jmp T_21;
    .thread T_21;
    .scope S_0x561fcda2af00;
T_22 ;
    %wait E_0x561fcd964830;
    %load/vec4 v0x561fcda2c140_0;
    %flag_set/vec4 8;
    %jmp/0xz  T_22.0, 8;
    %pushi/vec4 0, 0, 8;
    %assign/vec4 v0x561fcda2b190_0, 0;
    %jmp T_22.1;
T_22.0 ;
    %load/vec4 v0x561fcda2bfc0_0;
    %flag_set/vec4 8;
    %jmp/0xz  T_22.2, 8;
    %load/vec4 v0x561fcda2be20_0;
    %assign/vec4 v0x561fcda2b190_0, 0;
T_22.2 ;
T_22.1 ;
    %jmp T_22;
    .thread T_22;
    .scope S_0x561fcda2a410;
T_23 ;
    %pushi/vec4 0, 0, 8;
    %store/vec4 v0x561fcda2bd40_0, 0, 8;
    %pushi/vec4 0, 0, 8;
    %store/vec4 v0x561fcda2be20_0, 0, 8;
    %end;
    .thread T_23, $init;
    .scope S_0x561fcda2a410;
T_24 ;
    %wait E_0x561fcd964830;
    %load/vec4 v0x561fcda2bb30_0;
    %flag_set/vec4 8;
    %jmp/0xz  T_24.0, 8;
    %load/vec4 v0x561fcda2c200_0;
    %flag_set/vec4 8;
    %jmp/0xz  T_24.2, 8;
    %load/vec4 v0x561fcda2b7b0_0;
    %load/vec4 v0x561fcda2b540_0;
    %pad/u 11;
    %ix/vec4 3;
    %ix/load 4, 0, 0; Constant delay
    %assign/vec4/a/d v0x561fcda2b480, 0, 4;
    %vpi_call/w 5 56 "$display", "Writing %d to RAM %s at address %d.", v0x561fcda2b7b0_0, P_0x561fcda2a5e0, v0x561fcda2b540_0 {0 0 0};
T_24.2 ;
    %load/vec4 v0x561fcda2b540_0;
    %pad/u 11;
    %ix/vec4 4;
    %load/vec4a v0x561fcda2b480, 4;
    %assign/vec4 v0x561fcda2bd40_0, 0;
T_24.0 ;
    %jmp T_24;
    .thread T_24;
    .scope S_0x561fcda2a410;
T_25 ;
    %wait E_0x561fcd964830;
    %load/vec4 v0x561fcda2bc80_0;
    %flag_set/vec4 8;
    %jmp/0xz  T_25.0, 8;
    %load/vec4 v0x561fcda2c3d0_0;
    %flag_set/vec4 8;
    %jmp/0xz  T_25.2, 8;
    %load/vec4 v0x561fcda2b890_0;
    %load/vec4 v0x561fcda2b620_0;
    %pad/u 11;
    %ix/vec4 3;
    %ix/load 4, 0, 0; Constant delay
    %assign/vec4/a/d v0x561fcda2b480, 0, 4;
T_25.2 ;
    %load/vec4 v0x561fcda2b620_0;
    %pad/u 11;
    %ix/vec4 4;
    %load/vec4a v0x561fcda2b480, 4;
    %assign/vec4 v0x561fcda2be20_0, 0;
T_25.0 ;
    %jmp T_25;
    .thread T_25;
    .scope S_0x561fcda29a60;
T_26 ;
    %wait E_0x561fcd964830;
    %load/vec4 v0x561fcda2d9e0_0;
    %flag_set/vec4 8;
    %jmp/0xz  T_26.0, 8;
    %pushi/vec4 0, 0, 18;
    %assign/vec4 v0x561fcda2ddc0_0, 0;
    %pushi/vec4 0, 0, 10;
    %assign/vec4 v0x561fcda2d180_0, 0;
    %pushi/vec4 0, 0, 10;
    %assign/vec4 v0x561fcda2d750_0, 0;
    %pushi/vec4 0, 0, 8;
    %assign/vec4 v0x561fcda2d840_0, 0;
    %pushi/vec4 0, 0, 1;
    %assign/vec4 v0x561fcda2d910_0, 0;
    %pushi/vec4 0, 0, 8;
    %assign/vec4 v0x561fcda2c8b0_0, 0;
    %pushi/vec4 0, 0, 8;
    %assign/vec4 v0x561fcda2c980_0, 0;
    %pushi/vec4 0, 0, 32;
    %assign/vec4 v0x561fcda2cd20_0, 0;
    %pushi/vec4 0, 0, 32;
    %assign/vec4 v0x561fcda2cee0_0, 0;
    %pushi/vec4 0, 0, 12;
    %assign/vec4 v0x561fcda2da80_0, 0;
    %pushi/vec4 7192, 0, 13;
    %assign/vec4 v0x561fcda2d0a0_0, 0;
    %pushi/vec4 0, 0, 1;
    %assign/vec4 v0x561fcda2d270_0, 0;
    %pushi/vec4 0, 0, 1;
    %assign/vec4 v0x561fcda2d310_0, 0;
    %pushi/vec4 0, 0, 1;
    %assign/vec4 v0x561fcda2d3d0_0, 0;
    %pushi/vec4 0, 0, 13;
    %assign/vec4 v0x561fcda2cfc0_0, 0;
    %pushi/vec4 0, 0, 32;
    %assign/vec4 v0x561fcda2dc00_0, 0;
    %pushi/vec4 1, 0, 4;
    %assign/vec4 v0x561fcda2dce0_0, 0;
    %jmp T_26.1;
T_26.0 ;
    %load/vec4 v0x561fcda2dce0_0;
    %dup/vec4;
    %pushi/vec4 1, 0, 4;
    %cmp/u;
    %jmp/1 T_26.2, 6;
    %dup/vec4;
    %pushi/vec4 2, 0, 4;
    %cmp/u;
    %jmp/1 T_26.3, 6;
    %dup/vec4;
    %pushi/vec4 4, 0, 4;
    %cmp/u;
    %jmp/1 T_26.4, 6;
    %dup/vec4;
    %pushi/vec4 8, 0, 4;
    %cmp/u;
    %jmp/1 T_26.5, 6;
    %pushi/vec4 1, 0, 4;
    %assign/vec4 v0x561fcda2dce0_0, 0;
    %jmp T_26.7;
T_26.2 ;
    %load/vec4 v0x561fcda2da80_0;
    %pad/s 32;
    %cmpi/e 1000, 0, 32;
    %jmp/0xz  T_26.8, 4;
    %load/vec4 v0x561fcda2ddc0_0;
    %pad/u 32;
    %pushi/vec4 1000, 0, 32;
    %div;
    %pad/u 18;
    %assign/vec4 v0x561fcda2ddc0_0, 0;
    %load/vec4 v0x561fcda2ddc0_0;
    %pad/u 32;
    %pushi/vec4 1000, 0, 32;
    %div;
    %vpi_call/w 7 88 "$display", "Mean of signal computed: %d", S<0,vec4,u32> {1 0 0};
    %pushi/vec4 7192, 0, 13;
    %assign/vec4 v0x561fcda2d0a0_0, 0;
    %pushi/vec4 0, 0, 12;
    %assign/vec4 v0x561fcda2da80_0, 0;
    %pushi/vec4 0, 0, 32;
    %assign/vec4 v0x561fcda2cd20_0, 0;
    %pushi/vec4 0, 0, 32;
    %assign/vec4 v0x561fcda2cee0_0, 0;
    %vpi_call/w 7 93 "$display", "Matched filter transitioning to STATE_FILTER." {0 0 0};
    %pushi/vec4 2, 0, 4;
    %assign/vec4 v0x561fcda2dce0_0, 0;
    %jmp T_26.9;
T_26.8 ;
    %load/vec4 v0x561fcda2ca60_0;
    %flag_set/vec4 8;
    %jmp/0xz  T_26.10, 8;
    %load/vec4 v0x561fcda2ddc0_0;
    %load/vec4 v0x561fcda2c7f0_0;
    %pad/u 18;
    %add;
    %assign/vec4 v0x561fcda2ddc0_0, 0;
    %load/vec4 v0x561fcda2da80_0;
    %addi 1, 0, 12;
    %assign/vec4 v0x561fcda2da80_0, 0;
    %jmp T_26.11;
T_26.10 ;
    %pushi/vec4 0, 0, 18;
    %assign/vec4 v0x561fcda2ddc0_0, 0;
    %pushi/vec4 0, 0, 12;
    %assign/vec4 v0x561fcda2da80_0, 0;
T_26.11 ;
T_26.9 ;
    %pushi/vec4 0, 0, 1;
    %assign/vec4 v0x561fcda2cbc0_0, 0;
    %jmp T_26.7;
T_26.3 ;
    %load/vec4 v0x561fcda2d0a0_0;
    %pad/s 32;
    %cmpi/e 1000, 0, 32;
    %jmp/0xz  T_26.12, 4;
    %vpi_call/w 7 110 "$display", "Matched filter transitioning to STATE_SIMILARITY." {0 0 0};
    %pushi/vec4 0, 0, 12;
    %assign/vec4 v0x561fcda2da80_0, 0;
    %pushi/vec4 0, 0, 32;
    %assign/vec4 v0x561fcda2dc00_0, 0;
    %pushi/vec4 4, 0, 4;
    %assign/vec4 v0x561fcda2dce0_0, 0;
T_26.12 ;
    %load/vec4 v0x561fcda2da80_0;
    %pad/s 32;
    %cmpi/e 1000, 0, 32;
    %jmp/0xz  T_26.14, 4;
    %vpi_call/w 7 117 "$display", "Dot product for phase shift %d is %d.", v0x561fcda2d0a0_0, v0x561fcda2cd20_0 {0 0 0};
    %load/vec4 v0x561fcda2cd20_0;
    %assign/vec4 v0x561fcda2ce00_0, 0;
    %load/vec4 v0x561fcda2cee0_0;
    %load/vec4 v0x561fcda2cd20_0;
    %cmp/s;
    %jmp/0xz  T_26.16, 5;
    %load/vec4 v0x561fcda2cd20_0;
    %assign/vec4 v0x561fcda2cee0_0, 0;
    %load/vec4 v0x561fcda2d0a0_0;
    %assign/vec4 v0x561fcda2cfc0_0, 0;
T_26.16 ;
    %pushi/vec4 0, 0, 32;
    %assign/vec4 v0x561fcda2cd20_0, 0;
    %load/vec4 v0x561fcda2d0a0_0;
    %addi 1, 0, 13;
    %assign/vec4 v0x561fcda2d0a0_0, 0;
    %pushi/vec4 0, 0, 12;
    %assign/vec4 v0x561fcda2da80_0, 0;
    %jmp T_26.15;
T_26.14 ;
    %load/vec4 v0x561fcda2ca60_0;
    %flag_set/vec4 8;
    %jmp/0xz  T_26.18, 8;
    %load/vec4 v0x561fcda2da80_0;
    %pad/s 13;
    %load/vec4 v0x561fcda2d0a0_0;
    %cmp/s;
    %flag_mov 8, 5;
    %jmp/0 T_26.20, 8;
    %pushi/vec4 0, 0, 13;
    %jmp/1 T_26.21, 8;
T_26.20 ; End of true expr.
    %load/vec4 v0x561fcda2da80_0;
    %pad/u 13;
    %load/vec4 v0x561fcda2d0a0_0;
    %sub;
    %jmp/0 T_26.21, 8;
 ; End of false expr.
    %blend;
T_26.21;
    %pad/u 10;
    %assign/vec4 v0x561fcda2d180_0, 0;
    %load/vec4 v0x561fcda2d0a0_0;
    %load/vec4 v0x561fcda2da80_0;
    %pad/s 13;
    %cmp/s;
    %flag_get/vec4 5;
    %load/vec4 v0x561fcda2da80_0;
    %pad/s 32;
    %load/vec4 v0x561fcda2d0a0_0;
    %pad/s 32;
    %sub;
    %cmpi/s 1000, 0, 32;
    %flag_get/vec4 5;
    %and;
    %assign/vec4 v0x561fcda2d270_0, 0;
    %load/vec4 v0x561fcda2d270_0;
    %assign/vec4 v0x561fcda2d310_0, 0;
    %load/vec4 v0x561fcda2d310_0;
    %assign/vec4 v0x561fcda2d3d0_0, 0;
    %load/vec4 v0x561fcda2c7f0_0;
    %assign/vec4 v0x561fcda2c8b0_0, 0;
    %load/vec4 v0x561fcda2c8b0_0;
    %assign/vec4 v0x561fcda2c980_0, 0;
    %load/vec4 v0x561fcda2cd20_0;
    %load/vec4 v0x561fcda2d690_0;
    %pad/s 18;
    %load/vec4 v0x561fcda2c980_0;
    %pad/s 18;
    %load/vec4 v0x561fcda2ddc0_0;
    %sub;
    %mul;
    %pad/s 32;
    %add;
    %assign/vec4 v0x561fcda2cd20_0, 0;
    %load/vec4 v0x561fcda2da80_0;
    %addi 1, 0, 12;
    %assign/vec4 v0x561fcda2da80_0, 0;
T_26.18 ;
T_26.15 ;
    %jmp T_26.7;
T_26.4 ;
    %load/vec4 v0x561fcda2da80_0;
    %pad/s 32;
    %cmpi/e 1000, 0, 32;
    %jmp/0xz  T_26.22, 4;
    %pushi/vec4 0, 0, 12;
    %assign/vec4 v0x561fcda2da80_0, 0;
    %pushi/vec4 8, 0, 4;
    %assign/vec4 v0x561fcda2dce0_0, 0;
    %jmp T_26.23;
T_26.22 ;
    %load/vec4 v0x561fcda2ca60_0;
    %flag_set/vec4 8;
    %jmp/0xz  T_26.24, 8;
    %load/vec4 v0x561fcda2da80_0;
    %pad/s 13;
    %load/vec4 v0x561fcda2cfc0_0;
    %cmp/s;
    %flag_mov 8, 5;
    %jmp/0 T_26.26, 8;
    %pushi/vec4 0, 0, 13;
    %jmp/1 T_26.27, 8;
T_26.26 ; End of true expr.
    %load/vec4 v0x561fcda2da80_0;
    %pad/s 13;
    %load/vec4 v0x561fcda2cfc0_0;
    %sub;
    %jmp/0 T_26.27, 8;
 ; End of false expr.
    %blend;
T_26.27;
    %pad/s 10;
    %assign/vec4 v0x561fcda2d180_0, 0;
    %load/vec4 v0x561fcda2cfc0_0;
    %load/vec4 v0x561fcda2da80_0;
    %pad/s 13;
    %cmp/s;
    %flag_get/vec4 5;
    %load/vec4 v0x561fcda2da80_0;
    %pad/s 32;
    %load/vec4 v0x561fcda2cfc0_0;
    %pad/s 32;
    %sub;
    %cmpi/s 1000, 0, 32;
    %flag_get/vec4 5;
    %and;
    %assign/vec4 v0x561fcda2d270_0, 0;
    %load/vec4 v0x561fcda2d270_0;
    %assign/vec4 v0x561fcda2d310_0, 0;
    %load/vec4 v0x561fcda2d310_0;
    %assign/vec4 v0x561fcda2d3d0_0, 0;
    %load/vec4 v0x561fcda2c7f0_0;
    %assign/vec4 v0x561fcda2c8b0_0, 0;
    %load/vec4 v0x561fcda2c8b0_0;
    %assign/vec4 v0x561fcda2c980_0, 0;
    %load/vec4 v0x561fcda2dc00_0;
    %load/vec4 v0x561fcda2c980_0;
    %pad/s 18;
    %load/vec4 v0x561fcda2ddc0_0;
    %sub;
    %load/vec4 v0x561fcda2d690_0;
    %pad/s 18;
    %sub;
    %pad/s 16;
    %pad/s 32;
    %load/vec4 v0x561fcda2c980_0;
    %pad/s 18;
    %load/vec4 v0x561fcda2ddc0_0;
    %sub;
    %load/vec4 v0x561fcda2d690_0;
    %pad/s 18;
    %sub;
    %pad/s 16;
    %pad/s 32;
    %mul;
    %add;
    %assign/vec4 v0x561fcda2dc00_0, 0;
    %load/vec4 v0x561fcda2c980_0;
    %pad/s 18;
    %load/vec4 v0x561fcda2ddc0_0;
    %sub;
    %load/vec4 v0x561fcda2d690_0;
    %pad/s 18;
    %sub;
    %pad/s 16;
    %pad/s 32;
    %load/vec4 v0x561fcda2c980_0;
    %pad/s 18;
    %load/vec4 v0x561fcda2ddc0_0;
    %sub;
    %load/vec4 v0x561fcda2d690_0;
    %pad/s 18;
    %sub;
    %pad/s 16;
    %pad/s 32;
    %mul;
    %assign/vec4 v0x561fcda2db20_0, 0;
    %load/vec4 v0x561fcda2c980_0;
    %pad/s 18;
    %load/vec4 v0x561fcda2ddc0_0;
    %sub;
    %load/vec4 v0x561fcda2d690_0;
    %pad/s 18;
    %sub;
    %pad/s 16;
    %load/vec4 v0x561fcda2c980_0;
    %pad/s 18;
    %load/vec4 v0x561fcda2ddc0_0;
    %sub;
    %load/vec4 v0x561fcda2d690_0;
    %pad/s 18;
    %sub;
    %pad/s 16;
    %mul;
    %vpi_call/w 7 159 "$display", "Similarity for index %d is: %d", v0x561fcda2da80_0, S<0,vec4,s16> {1 0 0};
    %load/vec4 v0x561fcda2da80_0;
    %addi 1, 0, 12;
    %assign/vec4 v0x561fcda2da80_0, 0;
T_26.24 ;
T_26.23 ;
    %jmp T_26.7;
T_26.5 ;
    %load/vec4 v0x561fcda2cee0_0;
    %vpi_call/w 7 165 "$display", "max_dot_product for %s: %d", P_0x561fcda29c30, S<0,vec4,s32> {1 0 0};
    %load/vec4 v0x561fcda2dc00_0;
    %vpi_call/w 7 166 "$display", "similarity_sum for %s: %d", P_0x561fcda29c30, S<0,vec4,s32> {1 0 0};
    %vpi_call/w 7 167 "$display", "Matched filter transitioning to STATE_SUM." {0 0 0};
    %pushi/vec4 1, 0, 1;
    %assign/vec4 v0x561fcda2cbc0_0, 0;
    %load/vec4 v0x561fcda2dc00_0;
    %assign/vec4 v0x561fcda2cb00_0, 0;
    %pushi/vec4 1, 0, 4;
    %assign/vec4 v0x561fcda2dce0_0, 0;
    %jmp T_26.7;
T_26.7 ;
    %pop/vec4 1;
T_26.1 ;
    %jmp T_26;
    .thread T_26;
    .scope S_0x561fcda240d0;
T_27 ;
    %wait E_0x561fcd964830;
    %load/vec4 v0x561fcda25120_0;
    %assign/vec4 v0x561fcda251e0_0, 0;
    %load/vec4 v0x561fcda251e0_0;
    %assign/vec4 v0x561fcda252a0_0, 0;
    %jmp T_27;
    .thread T_27;
    .scope S_0x561fcda240d0;
T_28 ;
    %wait E_0x561fcd964830;
    %load/vec4 v0x561fcda24ee0_0;
    %flag_set/vec4 8;
    %jmp/0xz  T_28.0, 8;
    %pushi/vec4 0, 0, 7;
    %assign/vec4 v0x561fcda24d40_0, 0;
    %pushi/vec4 0, 0, 6;
    %assign/vec4 v0x561fcda24bc0_0, 0;
    %pushi/vec4 1, 0, 4;
    %assign/vec4 v0x561fcda25420_0, 0;
    %pushi/vec4 0, 0, 32;
    %assign/vec4 v0x561fcda24900_0, 0;
    %pushi/vec4 0, 0, 1;
    %assign/vec4 v0x561fcda249f0_0, 0;
    %pushi/vec4 1, 0, 1;
    %assign/vec4 v0x561fcda25360_0, 0;
    %pushi/vec4 1, 0, 1;
    %assign/vec4 v0x561fcda24fa0_0, 0;
    %pushi/vec4 1, 0, 1;
    %assign/vec4 v0x561fcda25060_0, 0;
    %jmp T_28.1;
T_28.0 ;
    %load/vec4 v0x561fcda25420_0;
    %dup/vec4;
    %pushi/vec4 1, 0, 4;
    %cmp/u;
    %jmp/1 T_28.2, 6;
    %dup/vec4;
    %pushi/vec4 2, 0, 4;
    %cmp/u;
    %jmp/1 T_28.3, 6;
    %dup/vec4;
    %pushi/vec4 4, 0, 4;
    %cmp/u;
    %jmp/1 T_28.4, 6;
    %dup/vec4;
    %pushi/vec4 8, 0, 4;
    %cmp/u;
    %jmp/1 T_28.5, 6;
    %pushi/vec4 1, 0, 4;
    %assign/vec4 v0x561fcda25420_0, 0;
    %jmp T_28.7;
T_28.2 ;
    %load/vec4 v0x561fcda24840_0;
    %flag_set/vec4 8;
    %jmp/0xz  T_28.8, 8;
    %vpi_call/w 6 54 "$display", "SPI sending byte 0x%h", v0x561fcda24760_0 {0 0 0};
    %pushi/vec4 0, 0, 1;
    %assign/vec4 v0x561fcda25060_0, 0;
    %pushi/vec4 0, 0, 1;
    %assign/vec4 v0x561fcda24ab0_0, 0;
    %pushi/vec4 0, 0, 1;
    %assign/vec4 v0x561fcda24fa0_0, 0;
    %load/vec4 v0x561fcda24760_0;
    %parti/s 1, 31, 6;
    %assign/vec4 v0x561fcda25360_0, 0;
    %load/vec4 v0x561fcda24760_0;
    %assign/vec4 v0x561fcda24e00_0, 0;
    %pushi/vec4 1, 0, 6;
    %assign/vec4 v0x561fcda24bc0_0, 0;
    %pushi/vec4 0, 0, 7;
    %assign/vec4 v0x561fcda24d40_0, 0;
    %pushi/vec4 2, 0, 4;
    %assign/vec4 v0x561fcda25420_0, 0;
    %jmp T_28.9;
T_28.8 ;
    %pushi/vec4 1, 0, 1;
    %assign/vec4 v0x561fcda25060_0, 0;
    %pushi/vec4 1, 0, 1;
    %assign/vec4 v0x561fcda24ab0_0, 0;
    %pushi/vec4 1, 0, 1;
    %assign/vec4 v0x561fcda24fa0_0, 0;
T_28.9 ;
    %jmp T_28.7;
T_28.3 ;
    %load/vec4 v0x561fcda24d40_0;
    %pad/u 33;
    %cmpi/e 49, 0, 33;
    %jmp/0xz  T_28.10, 4;
    %pushi/vec4 1, 0, 1;
    %assign/vec4 v0x561fcda24fa0_0, 0;
    %load/vec4 v0x561fcda24900_0;
    %parti/s 31, 0, 2;
    %load/vec4 v0x561fcda252a0_0;
    %concat/vec4; draw_concat_vec4
    %assign/vec4 v0x561fcda24900_0, 0;
    %pushi/vec4 0, 0, 7;
    %assign/vec4 v0x561fcda24d40_0, 0;
    %pushi/vec4 4, 0, 4;
    %assign/vec4 v0x561fcda25420_0, 0;
    %jmp T_28.11;
T_28.10 ;
    %load/vec4 v0x561fcda24d40_0;
    %addi 1, 0, 7;
    %assign/vec4 v0x561fcda24d40_0, 0;
T_28.11 ;
    %jmp T_28.7;
T_28.4 ;
    %load/vec4 v0x561fcda24bc0_0;
    %pad/u 32;
    %cmpi/e 32, 0, 32;
    %jmp/0xz  T_28.12, 4;
    %pushi/vec4 1, 0, 1;
    %assign/vec4 v0x561fcda25060_0, 0;
    %pushi/vec4 1, 0, 1;
    %assign/vec4 v0x561fcda249f0_0, 0;
    %pushi/vec4 8, 0, 4;
    %assign/vec4 v0x561fcda25420_0, 0;
    %jmp T_28.13;
T_28.12 ;
    %load/vec4 v0x561fcda24d40_0;
    %pad/u 33;
    %cmpi/e 49, 0, 33;
    %jmp/0xz  T_28.14, 4;
    %pushi/vec4 0, 0, 1;
    %assign/vec4 v0x561fcda24fa0_0, 0;
    %load/vec4 v0x561fcda24e00_0;
    %pushi/vec4 31, 0, 32;
    %load/vec4 v0x561fcda24bc0_0;
    %pad/u 32;
    %sub;
    %part/u 1;
    %assign/vec4 v0x561fcda25360_0, 0;
    %load/vec4 v0x561fcda24bc0_0;
    %addi 1, 0, 6;
    %assign/vec4 v0x561fcda24bc0_0, 0;
    %pushi/vec4 0, 0, 7;
    %assign/vec4 v0x561fcda24d40_0, 0;
    %pushi/vec4 2, 0, 4;
    %assign/vec4 v0x561fcda25420_0, 0;
    %jmp T_28.15;
T_28.14 ;
    %load/vec4 v0x561fcda24d40_0;
    %addi 1, 0, 7;
    %assign/vec4 v0x561fcda24d40_0, 0;
T_28.15 ;
T_28.13 ;
    %jmp T_28.7;
T_28.5 ;
    %load/vec4 v0x561fcda24d40_0;
    %pad/u 32;
    %cmpi/e 100, 0, 32;
    %jmp/0xz  T_28.16, 4;
    %pushi/vec4 1, 0, 4;
    %assign/vec4 v0x561fcda25420_0, 0;
    %jmp T_28.17;
T_28.16 ;
    %load/vec4 v0x561fcda24d40_0;
    %addi 1, 0, 7;
    %assign/vec4 v0x561fcda24d40_0, 0;
T_28.17 ;
    %pushi/vec4 0, 0, 1;
    %assign/vec4 v0x561fcda249f0_0, 0;
    %jmp T_28.7;
T_28.7 ;
    %pop/vec4 1;
T_28.1 ;
    %jmp T_28;
    .thread T_28;
    .scope S_0x561fcd9209c0;
T_29 ;
    %wait E_0x561fcd964830;
    %load/vec4 v0x561fcda300f0_0;
    %flag_set/vec4 8;
    %jmp/0xz  T_29.0, 8;
    %pushi/vec4 1, 0, 4;
    %assign/vec4 v0x561fcda30400_0, 0;
    %pushi/vec4 0, 0, 10;
    %assign/vec4 v0x561fcda30050_0, 0;
    %pushi/vec4 0, 0, 12;
    %assign/vec4 v0x561fcda2feb0_0, 0;
    %pushi/vec4 0, 0, 1;
    %assign/vec4 v0x561fcda2f170_0, 0;
    %pushi/vec4 0, 0, 1;
    %assign/vec4 v0x561fcda30630_0, 0;
    %pushi/vec4 0, 0, 8;
    %assign/vec4 v0x561fcda30540_0, 0;
    %pushi/vec4 0, 0, 1;
    %assign/vec4 v0x561fcda2fa90_0, 0;
    %pushi/vec4 0, 0, 1;
    %assign/vec4 v0x561fcda2fb80_0, 0;
    %pushi/vec4 0, 0, 1;
    %assign/vec4 v0x561fcda2fc20_0, 0;
    %pushi/vec4 0, 0, 8;
    %assign/vec4 v0x561fcda2f9f0_0, 0;
    %pushi/vec4 0, 0, 11;
    %assign/vec4 v0x561fcda2f390_0, 0;
    %pushi/vec4 0, 0, 16;
    %assign/vec4 v0x561fcda2f550_0, 0;
    %pushi/vec4 0, 0, 1;
    %assign/vec4 v0x561fcda30260_0, 0;
    %pushi/vec4 0, 0, 32;
    %assign/vec4 v0x561fcda30190_0, 0;
    %pushi/vec4 1, 0, 3;
    %assign/vec4 v0x561fcda2f2b0_0, 0;
    %pushi/vec4 2, 0, 3;
    %assign/vec4 v0x561fcda2fdd0_0, 0;
    %jmp T_29.1;
T_29.0 ;
    %load/vec4 v0x561fcda2f2b0_0;
    %dup/vec4;
    %pushi/vec4 1, 0, 3;
    %cmp/u;
    %jmp/1 T_29.2, 6;
    %dup/vec4;
    %pushi/vec4 2, 0, 3;
    %cmp/u;
    %jmp/1 T_29.3, 6;
    %dup/vec4;
    %pushi/vec4 4, 0, 3;
    %cmp/u;
    %jmp/1 T_29.4, 6;
    %pushi/vec4 1, 0, 4;
    %assign/vec4 v0x561fcda30400_0, 0;
    %jmp T_29.6;
T_29.2 ;
    %pushi/vec4 0, 0, 1;
    %assign/vec4 v0x561fcda30260_0, 0;
    %load/vec4 v0x561fcda30260_0;
    %inv;
    %load/vec4 v0x561fcda30330_0;
    %and;
    %flag_set/vec4 8;
    %jmp/0xz  T_29.7, 8;
    %load/vec4 v0x561fcda2fdd0_0;
    %assign/vec4 v0x561fcda2f2b0_0, 0;
T_29.7 ;
    %jmp T_29.6;
T_29.3 ;
    %load/vec4 v0x561fcda2f780_0;
    %flag_set/vec4 8;
    %jmp/0xz  T_29.9, 8;
    %pushi/vec4 1, 0, 1;
    %assign/vec4 v0x561fcda30260_0, 0;
    %load/vec4 v0x561fcda2f6c0_0;
    %assign/vec4 v0x561fcda30190_0, 0;
    %pushi/vec4 1, 0, 3;
    %assign/vec4 v0x561fcda2f2b0_0, 0;
    %pushi/vec4 4, 0, 3;
    %assign/vec4 v0x561fcda2fdd0_0, 0;
T_29.9 ;
    %jmp T_29.6;
T_29.4 ;
    %pushi/vec4 1, 0, 1;
    %assign/vec4 v0x561fcda30260_0, 0;
    %load/vec4 v0x561fcda2f850_0;
    %assign/vec4 v0x561fcda30190_0, 0;
    %pushi/vec4 1, 0, 3;
    %assign/vec4 v0x561fcda2f2b0_0, 0;
    %pushi/vec4 2, 0, 3;
    %assign/vec4 v0x561fcda2fdd0_0, 0;
    %jmp T_29.6;
T_29.6 ;
    %pop/vec4 1;
    %load/vec4 v0x561fcda2f780_0;
    %flag_set/vec4 8;
    %jmp/0xz  T_29.11, 8;
    %load/vec4 v0x561fcda2f6c0_0;
    %cmpi/u 30000, 0, 32;
    %flag_get/vec4 5;
    %ix/load 4, 0, 0;
    %ix/load 5, 0, 0;
    %flag_set/imm 4, 0;
    %assign/vec4/off/d v0x561fcda2f550_0, 4, 5;
T_29.11 ;
    %load/vec4 v0x561fcda2f920_0;
    %flag_set/vec4 8;
    %jmp/0xz  T_29.13, 8;
    %load/vec4 v0x561fcda2f850_0;
    %cmpi/u 30000, 0, 32;
    %flag_get/vec4 5;
    %ix/load 4, 1, 0;
    %ix/load 5, 0, 0;
    %flag_set/imm 4, 0;
    %assign/vec4/off/d v0x561fcda2f550_0, 4, 5;
T_29.13 ;
    %load/vec4 v0x561fcda30400_0;
    %dup/vec4;
    %pushi/vec4 1, 0, 4;
    %cmp/u;
    %jmp/1 T_29.15, 6;
    %dup/vec4;
    %pushi/vec4 2, 0, 4;
    %cmp/u;
    %jmp/1 T_29.16, 6;
    %dup/vec4;
    %pushi/vec4 4, 0, 4;
    %cmp/u;
    %jmp/1 T_29.17, 6;
    %dup/vec4;
    %pushi/vec4 8, 0, 4;
    %cmp/u;
    %jmp/1 T_29.18, 6;
    %pushi/vec4 1, 0, 4;
    %assign/vec4 v0x561fcda30400_0, 0;
    %jmp T_29.20;
T_29.15 ;
    %load/vec4 v0x561fcda304a0_0;
    %flag_set/vec4 8;
    %jmp/0xz  T_29.21, 8;
    %pushi/vec4 1, 0, 1;
    %assign/vec4 v0x561fcda2f170_0, 0;
    %vpi_call/w 4 171 "$display", "Filter manager entering CAPTURE state." {0 0 0};
    %pushi/vec4 2, 0, 4;
    %assign/vec4 v0x561fcda30400_0, 0;
T_29.21 ;
    %jmp T_29.20;
T_29.16 ;
    %load/vec4 v0x561fcda30050_0;
    %pad/u 32;
    %cmpi/e 1000, 0, 32;
    %jmp/0xz  T_29.23, 4;
    %pushi/vec4 0, 0, 10;
    %assign/vec4 v0x561fcda30050_0, 0;
    %pushi/vec4 0, 0, 12;
    %assign/vec4 v0x561fcda2feb0_0, 0;
    %pushi/vec4 0, 0, 1;
    %assign/vec4 v0x561fcda2f170_0, 0;
    %vpi_call/w 4 180 "$display", "Filter manager entering FILTER state, skipping DUMP." {0 0 0};
    %pushi/vec4 8, 0, 4;
    %assign/vec4 v0x561fcda30400_0, 0;
    %jmp T_29.24;
T_29.23 ;
    %load/vec4 v0x561fcda2f0a0_0;
    %flag_set/vec4 8;
    %jmp/0xz  T_29.25, 8;
    %load/vec4 v0x561fcda30050_0;
    %addi 1, 0, 10;
    %assign/vec4 v0x561fcda30050_0, 0;
T_29.25 ;
T_29.24 ;
    %jmp T_29.20;
T_29.17 ;
    %load/vec4 v0x561fcda2feb0_0;
    %pad/u 32;
    %cmpi/e 1000, 0, 32;
    %jmp/0xz  T_29.27, 4;
    %pushi/vec4 0, 0, 12;
    %assign/vec4 v0x561fcda2feb0_0, 0;
    %pushi/vec4 0, 0, 1;
    %assign/vec4 v0x561fcda30630_0, 0;
    %vpi_call/w 4 191 "$display", "Filter manager entering FILTER state." {0 0 0};
    %pushi/vec4 8, 0, 4;
    %assign/vec4 v0x561fcda30400_0, 0;
    %jmp T_29.28;
T_29.27 ;
    %load/vec4 v0x561fcda30700_0;
    %load/vec4 v0x561fcda30630_0;
    %inv;
    %and;
    %flag_set/vec4 8;
    %jmp/0xz  T_29.29, 8;
    %vpi_call/w 4 195 "$display", "Sending byte from address %d over UART.", v0x561fcda2feb0_0 {0 0 0};
    %pushi/vec4 1, 0, 1;
    %assign/vec4 v0x561fcda30630_0, 0;
    %load/vec4 v0x561fcda2ff90_0;
    %assign/vec4 v0x561fcda30540_0, 0;
    %load/vec4 v0x561fcda2feb0_0;
    %addi 1, 0, 12;
    %assign/vec4 v0x561fcda2feb0_0, 0;
    %jmp T_29.30;
T_29.29 ;
    %pushi/vec4 0, 0, 1;
    %assign/vec4 v0x561fcda30630_0, 0;
T_29.30 ;
T_29.28 ;
    %jmp T_29.20;
T_29.18 ;
    %load/vec4 v0x561fcda2feb0_0;
    %pad/u 32;
    %cmpi/e 1002, 0, 32;
    %jmp/0xz  T_29.31, 4;
    %load/vec4 v0x561fcda2f390_0;
    %pad/u 32;
    %cmpi/e 2001, 0, 32;
    %jmp/0xz  T_29.33, 4;
    %vpi_call/w 4 207 "$display", "Filter manager entering START state." {0 0 0};
    %pushi/vec4 0, 0, 11;
    %assign/vec4 v0x561fcda2f390_0, 0;
    %pushi/vec4 1, 0, 4;
    %assign/vec4 v0x561fcda30400_0, 0;
    %jmp T_29.34;
T_29.33 ;
    %load/vec4 v0x561fcda2f390_0;
    %addi 1, 0, 11;
    %assign/vec4 v0x561fcda2f390_0, 0;
T_29.34 ;
    %pushi/vec4 0, 0, 12;
    %assign/vec4 v0x561fcda2feb0_0, 0;
    %pushi/vec4 0, 0, 1;
    %assign/vec4 v0x561fcda2fa90_0, 0;
    %jmp T_29.32;
T_29.31 ;
    %load/vec4 v0x561fcda2feb0_0;
    %addi 1, 0, 12;
    %assign/vec4 v0x561fcda2feb0_0, 0;
    %load/vec4 v0x561fcda2feb0_0;
    %pad/u 32;
    %cmpi/u 1000, 0, 32;
    %flag_inv 5; GE is !LT
    %flag_mov 8, 5;
    %jmp/0 T_29.35, 8;
    %pushi/vec4 0, 0, 1;
    %jmp/1 T_29.36, 8;
T_29.35 ; End of true expr.
    %pushi/vec4 1, 0, 1;
    %jmp/0 T_29.36, 8;
 ; End of false expr.
    %blend;
T_29.36;
    %assign/vec4 v0x561fcda2fb80_0, 0;
    %load/vec4 v0x561fcda2fb80_0;
    %assign/vec4 v0x561fcda2fc20_0, 0;
    %load/vec4 v0x561fcda2fc20_0;
    %assign/vec4 v0x561fcda2fa90_0, 0;
    %load/vec4 v0x561fcda2ff90_0;
    %assign/vec4 v0x561fcda2f9f0_0, 0;
T_29.32 ;
    %jmp T_29.20;
T_29.20 ;
    %pop/vec4 1;
T_29.1 ;
    %jmp T_29;
    .thread T_29;
    .scope S_0x561fcd932a20;
T_30 ;
    %delay 5000, 0;
    %load/vec4 v0x561fcda30ac0_0;
    %inv;
    %store/vec4 v0x561fcda30ac0_0, 0, 1;
    %jmp T_30;
    .thread T_30;
    .scope S_0x561fcd932a20;
T_31 ;
    %vpi_call/w 3 31 "$dumpfile", "filter_manager.vcd" {0 0 0};
    %vpi_call/w 3 32 "$dumpvars", 32'sb00000000000000000000000000000000, S_0x561fcd932a20 {0 0 0};
    %vpi_call/w 3 33 "$display", "Starting sim..." {0 0 0};
    %vpi_call/w 3 35 "$readmemh", "sim/FT70D_bufferdump_2.memh", v0x561fcda30d40 {0 0 0};
    %pushi/vec4 0, 0, 1;
    %store/vec4 v0x561fcda30ac0_0, 0, 1;
    %pushi/vec4 0, 0, 1;
    %store/vec4 v0x561fcda30ca0_0, 0, 1;
    %delay 10000, 0;
    %pushi/vec4 1, 0, 1;
    %store/vec4 v0x561fcda30ca0_0, 0, 1;
    %delay 10000, 0;
    %pushi/vec4 0, 0, 1;
    %store/vec4 v0x561fcda30ca0_0, 0, 1;
    %pushi/vec4 0, 0, 1;
    %store/vec4 v0x561fcda30a00_0, 0, 1;
    %pushi/vec4 0, 0, 8;
    %store/vec4 v0x561fcda30920_0, 0, 8;
    %pushi/vec4 0, 0, 1;
    %store/vec4 v0x561fcda30e30_0, 0, 1;
    %delay 100000, 0;
    %pushi/vec4 1, 0, 1;
    %store/vec4 v0x561fcda30e30_0, 0, 1;
    %delay 10000, 0;
    %pushi/vec4 0, 0, 1;
    %store/vec4 v0x561fcda30e30_0, 0, 1;
    %delay 100000, 0;
    %fork t_1, S_0x561fcd920590;
    %jmp t_0;
    .scope S_0x561fcd920590;
t_1 ;
    %pushi/vec4 0, 0, 32;
    %store/vec4 v0x561fcd9cf100_0, 0, 32;
T_31.0 ;
    %load/vec4 v0x561fcd9cf100_0;
    %cmpi/s 1000, 0, 32;
    %jmp/0xz T_31.1, 5;
    %pushi/vec4 1, 0, 1;
    %store/vec4 v0x561fcda30a00_0, 0, 1;
    %ix/getv/s 4, v0x561fcd9cf100_0;
    %load/vec4a v0x561fcda30d40, 4;
    %store/vec4 v0x561fcda30920_0, 0, 8;
    %delay 10000, 0;
    %pushi/vec4 0, 0, 1;
    %store/vec4 v0x561fcda30a00_0, 0, 1;
    %delay 20000000, 0;
    %load/vec4 v0x561fcd9cf100_0;
    %addi 1, 0, 32;
    %cast2;
    %store/vec4 v0x561fcd9cf100_0, 0, 32;
    %jmp T_31.0;
T_31.1 ;
    %end;
    .scope S_0x561fcd932a20;
t_0 %join;
    %delay 1345294336, 9;
    %vpi_call/w 3 65 "$readmemh", "sim/FT3D_bufferdump_2.memh", v0x561fcda30d40 {0 0 0};
    %delay 100000, 0;
    %pushi/vec4 1, 0, 1;
    %store/vec4 v0x561fcda30e30_0, 0, 1;
    %delay 10000, 0;
    %pushi/vec4 0, 0, 1;
    %store/vec4 v0x561fcda30e30_0, 0, 1;
    %delay 100000, 0;
    %fork t_3, S_0x561fcd920d40;
    %jmp t_2;
    .scope S_0x561fcd920d40;
t_3 ;
    %pushi/vec4 0, 0, 32;
    %store/vec4 v0x561fcd9cf810_0, 0, 32;
T_31.2 ;
    %load/vec4 v0x561fcd9cf810_0;
    %cmpi/s 1000, 0, 32;
    %jmp/0xz T_31.3, 5;
    %pushi/vec4 1, 0, 1;
    %store/vec4 v0x561fcda30a00_0, 0, 1;
    %ix/getv/s 4, v0x561fcd9cf810_0;
    %load/vec4a v0x561fcda30d40, 4;
    %store/vec4 v0x561fcda30920_0, 0, 8;
    %delay 10000, 0;
    %pushi/vec4 0, 0, 1;
    %store/vec4 v0x561fcda30a00_0, 0, 1;
    %delay 20000000, 0;
    %load/vec4 v0x561fcd9cf810_0;
    %addi 1, 0, 32;
    %cast2;
    %store/vec4 v0x561fcd9cf810_0, 0, 32;
    %jmp T_31.2;
T_31.3 ;
    %end;
    .scope S_0x561fcd932a20;
t_2 %join;
    %delay 1345294336, 9;
    %vpi_call/w 3 85 "$finish" {0 0 0};
    %end;
    .thread T_31;
# The file index is used to find the file name in the following table.
:file_names 9;
    "N/A";
    "<interactive>";
    "-";
    "sim/filter_manager_tb.sv";
    "src/filter_manager.sv";
    "src/xilinx_true_dual_port_read_first_1_clock_ram.v";
    "src/spi_controller.sv";
    "src/matched_filter.sv";
    "src/uart.sv";
