#! /usr/local/bin/vvp
:ivl_version "11.0 (stable)" "(v11_0)";
:ivl_delay_selection "TYPICAL";
:vpi_time_precision - 12;
:vpi_module "/usr/local/lib/ivl/system.vpi";
:vpi_module "/usr/local/lib/ivl/vhdl_sys.vpi";
:vpi_module "/usr/local/lib/ivl/vhdl_textio.vpi";
:vpi_module "/usr/local/lib/ivl/v2005_math.vpi";
:vpi_module "/usr/local/lib/ivl/va_math.vpi";
:vpi_module "/usr/local/lib/ivl/v2009.vpi";
S_0x562b7508f2c0 .scope package, "$unit" "$unit" 2 1;
 .timescale 0 0;
S_0x562b7508ea20 .scope module, "matched_filter_tb" "matched_filter_tb" 3 4;
 .timescale -9 -12;
v0x562b750f9b10_0 .var "axiid", 7 0;
v0x562b750f9c20_0 .var "axiiv", 0 0;
v0x562b750f9cf0_0 .var "clk", 0 0;
v0x562b750f9dc0_0 .var "rst", 0 0;
v0x562b750f9e60 .array "test_signal_buffer", 999 0, 7 0;
S_0x562b7507c590 .scope module, "matched_filter_inst" "matched_filter" 3 17, 4 4 0, S_0x562b7508ea20;
 .timescale -9 -12;
    .port_info 0 /INPUT 1 "clk";
    .port_info 1 /INPUT 1 "rst";
    .port_info 2 /INPUT 1 "axiiv";
    .port_info 3 /INPUT 8 "axiid";
    .port_info 4 /OUTPUT 1 "axiov";
    .port_info 5 /OUTPUT 16 "axiod";
P_0x562b750a1870 .param/l "CAPTURE_LENGTH" 0 4 4, +C4<00000000000000000000001111101000>;
P_0x562b750a18b0 .param/str "FINGERPRINT_MEMORY_FILE" 0 4 4, "sim/FT70D_bufferdump_1_zero_mean.memh";
P_0x562b750a18f0 .param/l "MATCH_SCORE_WIDTH" 0 4 4, +C4<00000000000000000000000000010000>;
P_0x562b750a1930 .param/l "SAMPLE_DATA_WIDTH" 0 4 4, +C4<00000000000000000000000000001000>;
P_0x562b750a1970 .param/l "STATE_FILTER" 1 4 49, C4<010>;
P_0x562b750a19b0 .param/l "STATE_OUTPUT" 1 4 50, C4<100>;
P_0x562b750a19f0 .param/l "STATE_SUM" 1 4 48, C4<001>;
P_0x562b750a1a30 .param/l "SUM_WIDTH" 1 4 37, +C4<00000000000000000000000000010010>;
v0x562b750f8b10_0 .net "axiid", 7 0, v0x562b750f9b10_0;  1 drivers
v0x562b750f8c10_0 .var "axiid_pipe_1", 7 0;
v0x562b750f8cf0_0 .var "axiid_pipe_2", 7 0;
v0x562b750f8db0_0 .net "axiiv", 0 0, v0x562b750f9c20_0;  1 drivers
v0x562b750f8e70_0 .var "axiod", 15 0;
v0x562b750f8f50_0 .var "axiov", 0 0;
v0x562b750f9010_0 .net "clk", 0 0, v0x562b750f9cf0_0;  1 drivers
v0x562b750f90b0_0 .var/s "dot_product", 31 0;
v0x562b750f9170_0 .var/s "max_dot_product", 31 0;
v0x562b750f9250_0 .var "phase_shift", 9 0;
v0x562b750f9330_0 .var "ram_read_addr", 9 0;
v0x562b750f93f0_0 .net/s "ram_read_data", 7 0, L_0x562b750b3680;  1 drivers
v0x562b750f94c0_0 .var "ram_write_addr", 9 0;
v0x562b750f9590_0 .var/s "ram_write_data", 7 0;
v0x562b750f9660_0 .var "ram_write_enable", 0 0;
v0x562b750f9730_0 .net "rst", 0 0, v0x562b750f9dc0_0;  1 drivers
v0x562b750f97d0_0 .var "sample_counter", 9 0;
v0x562b750f9890_0 .var "state", 2 0;
v0x562b750f9970_0 .var "sum_accumulator", 17 0;
S_0x562b7507cd40 .scope module, "fingerprint_buffer" "xilinx_true_dual_port_read_first_1_clock_ram" 4 19, 5 11 0, S_0x562b7507c590;
 .timescale -9 -12;
    .port_info 0 /INPUT 10 "addra";
    .port_info 1 /INPUT 10 "addrb";
    .port_info 2 /INPUT 8 "dina";
    .port_info 3 /INPUT 8 "dinb";
    .port_info 4 /INPUT 1 "clka";
    .port_info 5 /INPUT 1 "wea";
    .port_info 6 /INPUT 1 "web";
    .port_info 7 /INPUT 1 "ena";
    .port_info 8 /INPUT 1 "enb";
    .port_info 9 /INPUT 1 "rsta";
    .port_info 10 /INPUT 1 "rstb";
    .port_info 11 /INPUT 1 "regcea";
    .port_info 12 /INPUT 1 "regceb";
    .port_info 13 /OUTPUT 8 "douta";
    .port_info 14 /OUTPUT 8 "doutb";
P_0x562b750c6800 .param/str "INIT_FILE" 0 5 15, "sim/FT70D_bufferdump_1_zero_mean.memh";
P_0x562b750c6840 .param/str "NAME" 0 5 16, "Matched filter fingerprint buffer";
P_0x562b750c6880 .param/l "RAM_DEPTH" 0 5 13, +C4<00000000000000000000001111101000>;
P_0x562b750c68c0 .param/str "RAM_PERFORMANCE" 0 5 14, "HIGH_PERFORMANCE";
P_0x562b750c6900 .param/l "RAM_WIDTH" 0 5 12, +C4<00000000000000000000000000001000>;
v0x562b750f7a80 .array "BRAM", 0 999, 7 0;
v0x562b750f7b40_0 .net "addra", 9 0, v0x562b750f9330_0;  1 drivers
v0x562b750f7c20_0 .net "addrb", 9 0, v0x562b750f94c0_0;  1 drivers
v0x562b750f7ce0_0 .net "clka", 0 0, v0x562b750f9cf0_0;  alias, 1 drivers
o0x7fdae4a3a168 .functor BUFZ 8, C4<zzzzzzzz>; HiZ drive
v0x562b750f7da0_0 .net "dina", 7 0, o0x7fdae4a3a168;  0 drivers
v0x562b750f7ed0_0 .net "dinb", 7 0, v0x562b750f9590_0;  1 drivers
v0x562b750f7fb0_0 .net "douta", 7 0, L_0x562b750b3680;  alias, 1 drivers
v0x562b750f8090_0 .net "doutb", 7 0, L_0x562b750ae8c0;  1 drivers
L_0x7fdae45d6060 .functor BUFT 1, C4<1>, C4<0>, C4<0>, C4<0>;
v0x562b750f8170_0 .net "ena", 0 0, L_0x7fdae45d6060;  1 drivers
L_0x7fdae45d60a8 .functor BUFT 1, C4<1>, C4<0>, C4<0>, C4<0>;
v0x562b750f8230_0 .net "enb", 0 0, L_0x7fdae45d60a8;  1 drivers
v0x562b750f82f0_0 .var "ram_data_a", 7 0;
v0x562b750f83d0_0 .var "ram_data_b", 7 0;
L_0x7fdae45d6180 .functor BUFT 1, C4<1>, C4<0>, C4<0>, C4<0>;
v0x562b750f84b0_0 .net "regcea", 0 0, L_0x7fdae45d6180;  1 drivers
L_0x7fdae45d61c8 .functor BUFT 1, C4<1>, C4<0>, C4<0>, C4<0>;
v0x562b750f8570_0 .net "regceb", 0 0, L_0x7fdae45d61c8;  1 drivers
L_0x7fdae45d60f0 .functor BUFT 1, C4<0>, C4<0>, C4<0>, C4<0>;
v0x562b750f8630_0 .net "rsta", 0 0, L_0x7fdae45d60f0;  1 drivers
L_0x7fdae45d6138 .functor BUFT 1, C4<0>, C4<0>, C4<0>, C4<0>;
v0x562b750f86f0_0 .net "rstb", 0 0, L_0x7fdae45d6138;  1 drivers
L_0x7fdae45d6018 .functor BUFT 1, C4<0>, C4<0>, C4<0>, C4<0>;
v0x562b750f87b0_0 .net "wea", 0 0, L_0x7fdae45d6018;  1 drivers
v0x562b750f8870_0 .net "web", 0 0, v0x562b750f9660_0;  1 drivers
S_0x562b7507c9c0 .scope function.vec4.u32, "clogb2" "clogb2" 5 102, 5 102 0, S_0x562b7507cd40;
 .timescale -9 -12;
; Variable clogb2 is vec4 return value of scope S_0x562b7507c9c0
v0x562b750af9d0_0 .var/i "depth", 31 0;
TD_matched_filter_tb.matched_filter_inst.fingerprint_buffer.clogb2 ;
    %pushi/vec4 0, 0, 32;
    %ret/vec4 0, 0, 32;  Assign to clogb2 (store_vec4_to_lval)
T_0.0 ;
    %load/vec4 v0x562b750af9d0_0;
    %cmpi/s 0, 0, 32;
    %flag_or 5, 4; GT is !LE
    %flag_inv 5;
    %jmp/0xz T_0.1, 5;
    %load/vec4 v0x562b750af9d0_0;
    %ix/load 4, 1, 0;
    %flag_set/imm 4, 0;
    %shiftr 4;
    %store/vec4 v0x562b750af9d0_0, 0, 32;
    %retload/vec4 0; Load clogb2 (draw_signal_vec4)
    %addi 1, 0, 32;
    %ret/vec4 0, 0, 32;  Assign to clogb2 (store_vec4_to_lval)
    %jmp T_0.0;
T_0.1 ;
    %end;
S_0x562b750f7590 .scope generate, "output_register" "output_register" 5 70, 5 70 0, S_0x562b7507cd40;
 .timescale -9 -12;
L_0x562b750b3680 .functor BUFZ 8, v0x562b750a4ad0_0, C4<00000000>, C4<00000000>, C4<00000000>;
L_0x562b750ae8c0 .functor BUFZ 8, v0x562b750f77c0_0, C4<00000000>, C4<00000000>, C4<00000000>;
v0x562b750a4ad0_0 .var "douta_reg", 7 0;
v0x562b750f77c0_0 .var "doutb_reg", 7 0;
E_0x562b750bd700 .event posedge, v0x562b750f7ce0_0;
S_0x562b750f78a0 .scope generate, "use_init_file" "use_init_file" 5 41, 5 41 0, S_0x562b7507cd40;
 .timescale -9 -12;
    .scope S_0x562b750f78a0;
T_1 ;
    %vpi_call/w 5 43 "$readmemh", P_0x562b750c6800, v0x562b750f7a80, 32'sb00000000000000000000000000000000, 32'sb00000000000000000000001111100111 {0 0 0};
    %end;
    .thread T_1;
    .scope S_0x562b750f7590;
T_2 ;
    %pushi/vec4 0, 0, 8;
    %store/vec4 v0x562b750a4ad0_0, 0, 8;
    %pushi/vec4 0, 0, 8;
    %store/vec4 v0x562b750f77c0_0, 0, 8;
    %end;
    .thread T_2, $init;
    .scope S_0x562b750f7590;
T_3 ;
    %wait E_0x562b750bd700;
    %load/vec4 v0x562b750f8630_0;
    %flag_set/vec4 8;
    %jmp/0xz  T_3.0, 8;
    %pushi/vec4 0, 0, 8;
    %assign/vec4 v0x562b750a4ad0_0, 0;
    %jmp T_3.1;
T_3.0 ;
    %load/vec4 v0x562b750f84b0_0;
    %flag_set/vec4 8;
    %jmp/0xz  T_3.2, 8;
    %load/vec4 v0x562b750f82f0_0;
    %assign/vec4 v0x562b750a4ad0_0, 0;
T_3.2 ;
T_3.1 ;
    %jmp T_3;
    .thread T_3;
    .scope S_0x562b750f7590;
T_4 ;
    %wait E_0x562b750bd700;
    %load/vec4 v0x562b750f86f0_0;
    %flag_set/vec4 8;
    %jmp/0xz  T_4.0, 8;
    %pushi/vec4 0, 0, 8;
    %assign/vec4 v0x562b750f77c0_0, 0;
    %jmp T_4.1;
T_4.0 ;
    %load/vec4 v0x562b750f8570_0;
    %flag_set/vec4 8;
    %jmp/0xz  T_4.2, 8;
    %load/vec4 v0x562b750f83d0_0;
    %assign/vec4 v0x562b750f77c0_0, 0;
T_4.2 ;
T_4.1 ;
    %jmp T_4;
    .thread T_4;
    .scope S_0x562b7507cd40;
T_5 ;
    %pushi/vec4 0, 0, 8;
    %store/vec4 v0x562b750f82f0_0, 0, 8;
    %pushi/vec4 0, 0, 8;
    %store/vec4 v0x562b750f83d0_0, 0, 8;
    %end;
    .thread T_5, $init;
    .scope S_0x562b7507cd40;
T_6 ;
    %wait E_0x562b750bd700;
    %load/vec4 v0x562b750f8170_0;
    %flag_set/vec4 8;
    %jmp/0xz  T_6.0, 8;
    %load/vec4 v0x562b750f87b0_0;
    %flag_set/vec4 8;
    %jmp/0xz  T_6.2, 8;
    %load/vec4 v0x562b750f7da0_0;
    %load/vec4 v0x562b750f7b40_0;
    %pad/u 11;
    %ix/vec4 3;
    %ix/load 4, 0, 0; Constant delay
    %assign/vec4/a/d v0x562b750f7a80, 0, 4;
    %vpi_call/w 5 56 "$display", "Writing %d to RAM %s at address %d.", v0x562b750f7da0_0, P_0x562b750c6840, v0x562b750f7b40_0 {0 0 0};
T_6.2 ;
    %load/vec4 v0x562b750f7b40_0;
    %pad/u 11;
    %ix/vec4 4;
    %load/vec4a v0x562b750f7a80, 4;
    %assign/vec4 v0x562b750f82f0_0, 0;
T_6.0 ;
    %jmp T_6;
    .thread T_6;
    .scope S_0x562b7507cd40;
T_7 ;
    %wait E_0x562b750bd700;
    %load/vec4 v0x562b750f8230_0;
    %flag_set/vec4 8;
    %jmp/0xz  T_7.0, 8;
    %load/vec4 v0x562b750f8870_0;
    %flag_set/vec4 8;
    %jmp/0xz  T_7.2, 8;
    %load/vec4 v0x562b750f7ed0_0;
    %load/vec4 v0x562b750f7c20_0;
    %pad/u 11;
    %ix/vec4 3;
    %ix/load 4, 0, 0; Constant delay
    %assign/vec4/a/d v0x562b750f7a80, 0, 4;
T_7.2 ;
    %load/vec4 v0x562b750f7c20_0;
    %pad/u 11;
    %ix/vec4 4;
    %load/vec4a v0x562b750f7a80, 4;
    %assign/vec4 v0x562b750f83d0_0, 0;
T_7.0 ;
    %jmp T_7;
    .thread T_7;
    .scope S_0x562b7507c590;
T_8 ;
    %wait E_0x562b750bd700;
    %load/vec4 v0x562b750f9730_0;
    %flag_set/vec4 8;
    %jmp/0xz  T_8.0, 8;
    %pushi/vec4 0, 0, 18;
    %assign/vec4 v0x562b750f9970_0, 0;
    %pushi/vec4 0, 0, 10;
    %assign/vec4 v0x562b750f9330_0, 0;
    %pushi/vec4 0, 0, 10;
    %assign/vec4 v0x562b750f94c0_0, 0;
    %pushi/vec4 0, 0, 8;
    %assign/vec4 v0x562b750f9590_0, 0;
    %pushi/vec4 0, 0, 1;
    %assign/vec4 v0x562b750f9660_0, 0;
    %pushi/vec4 0, 0, 8;
    %assign/vec4 v0x562b750f8c10_0, 0;
    %pushi/vec4 0, 0, 8;
    %assign/vec4 v0x562b750f8cf0_0, 0;
    %pushi/vec4 0, 0, 32;
    %assign/vec4 v0x562b750f90b0_0, 0;
    %pushi/vec4 0, 0, 32;
    %assign/vec4 v0x562b750f9170_0, 0;
    %pushi/vec4 1, 0, 3;
    %assign/vec4 v0x562b750f9890_0, 0;
    %jmp T_8.1;
T_8.0 ;
    %load/vec4 v0x562b750f9890_0;
    %dup/vec4;
    %pushi/vec4 1, 0, 3;
    %cmp/u;
    %jmp/1 T_8.2, 6;
    %dup/vec4;
    %pushi/vec4 2, 0, 3;
    %cmp/u;
    %jmp/1 T_8.3, 6;
    %dup/vec4;
    %pushi/vec4 4, 0, 3;
    %cmp/u;
    %jmp/1 T_8.4, 6;
    %pushi/vec4 1, 0, 3;
    %assign/vec4 v0x562b750f9890_0, 0;
    %jmp T_8.6;
T_8.2 ;
    %load/vec4 v0x562b750f97d0_0;
    %pad/u 32;
    %cmpi/e 1000, 0, 32;
    %jmp/0xz  T_8.7, 4;
    %load/vec4 v0x562b750f9970_0;
    %pad/u 32;
    %pushi/vec4 1000, 0, 32;
    %div;
    %pad/u 18;
    %assign/vec4 v0x562b750f9970_0, 0;
    %load/vec4 v0x562b750f9970_0;
    %pad/u 32;
    %pushi/vec4 1000, 0, 32;
    %div;
    %vpi_call/w 4 70 "$display", "Mean of signal computed: %d", S<0,vec4,u32> {1 0 0};
    %pushi/vec4 0, 0, 10;
    %assign/vec4 v0x562b750f9250_0, 0;
    %pushi/vec4 0, 0, 10;
    %assign/vec4 v0x562b750f97d0_0, 0;
    %pushi/vec4 0, 0, 32;
    %assign/vec4 v0x562b750f90b0_0, 0;
    %pushi/vec4 0, 0, 32;
    %assign/vec4 v0x562b750f9170_0, 0;
    %vpi_call/w 4 75 "$display", "Matched filter transitioning to STATE_FILTER." {0 0 0};
    %pushi/vec4 2, 0, 3;
    %assign/vec4 v0x562b750f9890_0, 0;
    %jmp T_8.8;
T_8.7 ;
    %load/vec4 v0x562b750f8db0_0;
    %flag_set/vec4 8;
    %jmp/0xz  T_8.9, 8;
    %load/vec4 v0x562b750f9970_0;
    %load/vec4 v0x562b750f8b10_0;
    %pad/u 18;
    %add;
    %assign/vec4 v0x562b750f9970_0, 0;
    %load/vec4 v0x562b750f97d0_0;
    %addi 1, 0, 10;
    %assign/vec4 v0x562b750f97d0_0, 0;
    %jmp T_8.10;
T_8.9 ;
    %pushi/vec4 0, 0, 18;
    %assign/vec4 v0x562b750f9970_0, 0;
    %pushi/vec4 0, 0, 10;
    %assign/vec4 v0x562b750f97d0_0, 0;
T_8.10 ;
T_8.8 ;
    %jmp T_8.6;
T_8.3 ;
    %load/vec4 v0x562b750f9250_0;
    %pad/u 32;
    %cmpi/e 1000, 0, 32;
    %jmp/0xz  T_8.11, 4;
    %vpi_call/w 4 91 "$display", "Matched filter transitioning to STATE_OUTPUT." {0 0 0};
    %pushi/vec4 4, 0, 3;
    %assign/vec4 v0x562b750f9890_0, 0;
T_8.11 ;
    %load/vec4 v0x562b750f97d0_0;
    %pad/u 32;
    %cmpi/e 1000, 0, 32;
    %jmp/0xz  T_8.13, 4;
    %load/vec4 v0x562b750f9170_0;
    %load/vec4 v0x562b750f90b0_0;
    %cmp/s;
    %jmp/0xz  T_8.15, 5;
    %load/vec4 v0x562b750f90b0_0;
    %assign/vec4 v0x562b750f9170_0, 0;
T_8.15 ;
    %load/vec4 v0x562b750f9250_0;
    %addi 1, 0, 10;
    %assign/vec4 v0x562b750f9250_0, 0;
    %pushi/vec4 0, 0, 10;
    %assign/vec4 v0x562b750f97d0_0, 0;
    %jmp T_8.14;
T_8.13 ;
    %load/vec4 v0x562b750f97d0_0;
    %load/vec4 v0x562b750f9250_0;
    %cmp/u;
    %flag_mov 8, 5;
    %jmp/0 T_8.17, 8;
    %pushi/vec4 0, 0, 10;
    %jmp/1 T_8.18, 8;
T_8.17 ; End of true expr.
    %load/vec4 v0x562b750f97d0_0;
    %load/vec4 v0x562b750f9250_0;
    %sub;
    %jmp/0 T_8.18, 8;
 ; End of false expr.
    %blend;
T_8.18;
    %assign/vec4 v0x562b750f9330_0, 0;
    %load/vec4 v0x562b750f8b10_0;
    %assign/vec4 v0x562b750f8c10_0, 0;
    %load/vec4 v0x562b750f8c10_0;
    %assign/vec4 v0x562b750f8cf0_0, 0;
    %load/vec4 v0x562b750f90b0_0;
    %load/vec4 v0x562b750f93f0_0;
    %pad/s 32;
    %load/vec4 v0x562b750f8cf0_0;
    %pad/s 32;
    %load/vec4 v0x562b750f9970_0;
    %pad/s 32;
    %sub;
    %mul;
    %add;
    %assign/vec4 v0x562b750f90b0_0, 0;
    %load/vec4 v0x562b750f97d0_0;
    %addi 1, 0, 10;
    %assign/vec4 v0x562b750f97d0_0, 0;
T_8.14 ;
    %jmp T_8.6;
T_8.4 ;
    %vpi_call/w 4 114 "$display", "max_dot_product: %d", v0x562b750f9170_0 {0 0 0};
    %vpi_call/w 4 115 "$display", "Matched filter transitioning to STATE_SUM." {0 0 0};
    %pushi/vec4 1, 0, 3;
    %assign/vec4 v0x562b750f9890_0, 0;
    %jmp T_8.6;
T_8.6 ;
    %pop/vec4 1;
T_8.1 ;
    %jmp T_8;
    .thread T_8;
    .scope S_0x562b7508ea20;
T_9 ;
    %delay 5000, 0;
    %load/vec4 v0x562b750f9cf0_0;
    %inv;
    %store/vec4 v0x562b750f9cf0_0, 0, 1;
    %jmp T_9;
    .thread T_9;
    .scope S_0x562b7508ea20;
T_10 ;
    %vpi_call/w 3 27 "$dumpfile", "matched_filter.vcd" {0 0 0};
    %vpi_call/w 3 28 "$dumpvars", 32'sb00000000000000000000000000000000, S_0x562b7508ea20 {0 0 0};
    %vpi_call/w 3 29 "$display", "Starting sim..." {0 0 0};
    %vpi_call/w 3 31 "$readmemh", "sim/FT70D_bufferdump_2.memh", v0x562b750f9e60 {0 0 0};
    %pushi/vec4 0, 0, 1;
    %store/vec4 v0x562b750f9cf0_0, 0, 1;
    %pushi/vec4 0, 0, 1;
    %store/vec4 v0x562b750f9dc0_0, 0, 1;
    %delay 10000, 0;
    %pushi/vec4 1, 0, 1;
    %store/vec4 v0x562b750f9dc0_0, 0, 1;
    %delay 10000, 0;
    %pushi/vec4 0, 0, 1;
    %store/vec4 v0x562b750f9dc0_0, 0, 1;
    %pushi/vec4 0, 0, 1;
    %store/vec4 v0x562b750f9c20_0, 0, 1;
    %pushi/vec4 0, 0, 8;
    %store/vec4 v0x562b750f9b10_0, 0, 8;
    %delay 100000, 0;
    %vpi_call/w 3 44 "$finish" {0 0 0};
    %end;
    .thread T_10;
# The file index is used to find the file name in the following table.
:file_names 6;
    "N/A";
    "<interactive>";
    "-";
    "sim/matched_filter_tb.sv";
    "src/matched_filter.sv";
    "src/xilinx_true_dual_port_read_first_1_clock_ram.v";
