#! /usr/bin/vvp
:ivl_version "11.0 (stable)";
:ivl_delay_selection "TYPICAL";
:vpi_time_precision - 12;
:vpi_module "/usr/lib/x86_64-linux-gnu/ivl/system.vpi";
:vpi_module "/usr/lib/x86_64-linux-gnu/ivl/vhdl_sys.vpi";
:vpi_module "/usr/lib/x86_64-linux-gnu/ivl/vhdl_textio.vpi";
:vpi_module "/usr/lib/x86_64-linux-gnu/ivl/v2005_math.vpi";
:vpi_module "/usr/lib/x86_64-linux-gnu/ivl/va_math.vpi";
:vpi_module "/usr/lib/x86_64-linux-gnu/ivl/v2009.vpi";
S_0x55e5f51838e0 .scope package, "$unit" "$unit" 2 1;
 .timescale 0 0;
S_0x55e5f5183a70 .scope module, "minmax_filter_tb" "minmax_filter_tb" 3 4;
 .timescale -9 -12;
P_0x55e5f5183c00 .param/l "BIN_FILE_LENGTH" 1 3 6, +C4<00000000000000000001101101011000>;
v0x55e5f51b59f0_0 .var/2s "bytes_read", 31 0;
v0x55e5f51b5af0_0 .var "clk", 0 0;
v0x55e5f51b5bb0_0 .var/2s "f", 31 0;
v0x55e5f51b5c50_0 .var "filter_axiid", 7 0;
v0x55e5f51b5d10_0 .var "filter_axiiv", 0 0;
v0x55e5f51b5e00_0 .var "rst", 0 0;
v0x55e5f51b5ed0 .array/s "signal", 0 7000, 7 0;
v0x55e5f51b5f70_0 .net "triggered", 0 0, L_0x55e5f51631b0;  1 drivers
S_0x55e5f5178390 .scope begin, "$ivl_for_loop0" "$ivl_for_loop0" 3 49, 3 49 0, S_0x55e5f5183a70;
 .timescale -9 -12;
v0x55e5f51841d0_0 .var/2s "i", 31 0;
S_0x55e5f51b2660 .scope module, "dut" "minmax_filter" 3 20, 4 4 0, S_0x55e5f5183a70;
 .timescale -9 -12;
    .port_info 0 /INPUT 1 "clk";
    .port_info 1 /INPUT 1 "rst";
    .port_info 2 /INPUT 1 "axiiv";
    .port_info 3 /INPUT 8 "axiid";
    .port_info 4 /OUTPUT 1 "triggered";
P_0x55e5f5191480 .param/l "HIGH_THRESHOLD" 0 4 4, +C4<00000000000000000000000001001010>;
P_0x55e5f51914c0 .param/l "LOOK_BACK" 0 4 4, +C4<00000000000000000000000111110100>;
P_0x55e5f5191500 .param/l "LOW_THRESHOLD" 0 4 4, +C4<00000000000000000000000000100101>;
P_0x55e5f5191540 .param/l "SAMPLE_DATA_WIDTH" 0 4 4, +C4<00000000000000000000000000001000>;
L_0x55e5f516b9d0 .functor NOT 1, v0x55e5f51b56b0_0, C4<0>, C4<0>, C4<0>;
L_0x55e5f51631b0 .functor AND 1, v0x55e5f51b5120_0, L_0x55e5f516b9d0, C4<1>, C4<1>;
v0x55e5f51b49c0_0 .net/s *"_ivl_16", 16 0, L_0x55e5f51b62c0;  1 drivers
v0x55e5f51b4ac0_0 .net/s *"_ivl_18", 16 0, L_0x55e5f51b63c0;  1 drivers
v0x55e5f51b4ba0_0 .net *"_ivl_22", 0 0, L_0x55e5f516b9d0;  1 drivers
v0x55e5f51b4c60_0 .net/s "axiid", 7 0, v0x55e5f51b5c50_0;  1 drivers
v0x55e5f51b4d40_0 .net "axiiv", 0 0, v0x55e5f51b5d10_0;  1 drivers
v0x55e5f51b4e00_0 .net "clk", 0 0, v0x55e5f51b5af0_0;  1 drivers
v0x55e5f51b4ea0_0 .net/s "difference", 16 0, L_0x55e5f51b64c0;  1 drivers
v0x55e5f51b4f60_0 .var/s "max", 9 0;
v0x55e5f51b5040_0 .var/s "min", 9 0;
v0x55e5f51b5120_0 .var "prev_schmitt_trigger_state", 0 0;
v0x55e5f51b51e0_0 .var "ram_read_addr", 8 0;
v0x55e5f51b52d0_0 .net "ram_read_data", 7 0, L_0x55e5f516b2c0;  1 drivers
v0x55e5f51b53a0_0 .var "ram_write_addr", 8 0;
v0x55e5f51b5470_0 .var "ram_write_data", 7 0;
v0x55e5f51b5540_0 .var "ram_write_enable", 0 0;
v0x55e5f51b5610_0 .net "rst", 0 0, v0x55e5f51b5e00_0;  1 drivers
v0x55e5f51b56b0_0 .var "schmitt_trigger_state", 0 0;
v0x55e5f51b5860_0 .net "triggered", 0 0, L_0x55e5f51631b0;  alias, 1 drivers
L_0x55e5f51b62c0 .extend/s 17, v0x55e5f51b4f60_0;
L_0x55e5f51b63c0 .extend/s 17, v0x55e5f51b5040_0;
L_0x55e5f51b64c0 .arith/sub 17, L_0x55e5f51b62c0, L_0x55e5f51b63c0;
S_0x55e5f51b29d0 .scope module, "lookback_buffer" "xilinx_true_dual_port_read_first_1_clock_ram" 4 18, 5 11 0, S_0x55e5f51b2660;
 .timescale -9 -12;
    .port_info 0 /INPUT 9 "addra";
    .port_info 1 /INPUT 9 "addrb";
    .port_info 2 /INPUT 8 "dina";
    .port_info 3 /INPUT 8 "dinb";
    .port_info 4 /INPUT 1 "clka";
    .port_info 5 /INPUT 1 "wea";
    .port_info 6 /INPUT 1 "web";
    .port_info 7 /INPUT 1 "ena";
    .port_info 8 /INPUT 1 "enb";
    .port_info 9 /INPUT 1 "rsta";
    .port_info 10 /INPUT 1 "rstb";
    .port_info 11 /INPUT 1 "regcea";
    .port_info 12 /INPUT 1 "regceb";
    .port_info 13 /OUTPUT 8 "douta";
    .port_info 14 /OUTPUT 8 "doutb";
P_0x55e5f51b2bb0 .param/str "INIT_FILE" 0 5 15, "\000";
P_0x55e5f51b2bf0 .param/str "NAME" 0 5 16, "Minmax filter lookback buffer";
P_0x55e5f51b2c30 .param/l "RAM_DEPTH" 0 5 13, +C4<00000000000000000000000111110100>;
P_0x55e5f51b2c70 .param/str "RAM_PERFORMANCE" 0 5 14, "HIGH_PERFORMANCE";
P_0x55e5f51b2cb0 .param/l "RAM_WIDTH" 0 5 12, +C4<00000000000000000000000000001000>;
v0x55e5f516a0d0 .array "BRAM", 0 499, 7 0;
v0x55e5f51b3940_0 .net "addra", 8 0, v0x55e5f51b53a0_0;  1 drivers
v0x55e5f51b3a20_0 .net "addrb", 8 0, v0x55e5f51b51e0_0;  1 drivers
v0x55e5f51b3b10_0 .net "clka", 0 0, v0x55e5f51b5af0_0;  alias, 1 drivers
v0x55e5f51b3bd0_0 .net "dina", 7 0, v0x55e5f51b5470_0;  1 drivers
L_0x7f9b114b0018 .functor BUFT 1, C4<00000000>, C4<0>, C4<0>, C4<0>;
v0x55e5f51b3d00_0 .net "dinb", 7 0, L_0x7f9b114b0018;  1 drivers
v0x55e5f51b3de0_0 .net "douta", 7 0, L_0x55e5f5190e70;  1 drivers
v0x55e5f51b3ec0_0 .net "doutb", 7 0, L_0x55e5f516b2c0;  alias, 1 drivers
L_0x7f9b114b00a8 .functor BUFT 1, C4<1>, C4<0>, C4<0>, C4<0>;
v0x55e5f51b3fa0_0 .net "ena", 0 0, L_0x7f9b114b00a8;  1 drivers
L_0x7f9b114b00f0 .functor BUFT 1, C4<1>, C4<0>, C4<0>, C4<0>;
v0x55e5f51b4060_0 .net "enb", 0 0, L_0x7f9b114b00f0;  1 drivers
v0x55e5f51b4120_0 .var "ram_data_a", 7 0;
v0x55e5f51b4200_0 .var "ram_data_b", 7 0;
L_0x7f9b114b01c8 .functor BUFT 1, C4<1>, C4<0>, C4<0>, C4<0>;
v0x55e5f51b42e0_0 .net "regcea", 0 0, L_0x7f9b114b01c8;  1 drivers
L_0x7f9b114b0210 .functor BUFT 1, C4<1>, C4<0>, C4<0>, C4<0>;
v0x55e5f51b43a0_0 .net "regceb", 0 0, L_0x7f9b114b0210;  1 drivers
L_0x7f9b114b0138 .functor BUFT 1, C4<0>, C4<0>, C4<0>, C4<0>;
v0x55e5f51b4460_0 .net "rsta", 0 0, L_0x7f9b114b0138;  1 drivers
L_0x7f9b114b0180 .functor BUFT 1, C4<0>, C4<0>, C4<0>, C4<0>;
v0x55e5f51b4520_0 .net "rstb", 0 0, L_0x7f9b114b0180;  1 drivers
v0x55e5f51b45e0_0 .net "wea", 0 0, v0x55e5f51b5540_0;  1 drivers
L_0x7f9b114b0060 .functor BUFT 1, C4<0>, C4<0>, C4<0>, C4<0>;
v0x55e5f51b46a0_0 .net "web", 0 0, L_0x7f9b114b0060;  1 drivers
S_0x55e5f51b31a0 .scope function.vec4.u32, "clogb2" "clogb2" 5 102, 5 102 0, S_0x55e5f51b29d0;
 .timescale -9 -12;
; Variable clogb2 is vec4 return value of scope S_0x55e5f51b31a0
v0x55e5f5184490_0 .var/i "depth", 31 0;
TD_minmax_filter_tb.dut.lookback_buffer.clogb2 ;
    %pushi/vec4 0, 0, 32;
    %ret/vec4 0, 0, 32;  Assign to clogb2 (store_vec4_to_lval)
T_0.0 ;
    %load/vec4 v0x55e5f5184490_0;
    %cmpi/s 0, 0, 32;
    %flag_or 5, 4; GT is !LE
    %flag_inv 5;
    %jmp/0xz T_0.1, 5;
    %load/vec4 v0x55e5f5184490_0;
    %ix/load 4, 1, 0;
    %flag_set/imm 4, 0;
    %shiftr 4;
    %store/vec4 v0x55e5f5184490_0, 0, 32;
    %retload/vec4 0; Load clogb2 (draw_signal_vec4)
    %addi 1, 0, 32;
    %ret/vec4 0, 0, 32;  Assign to clogb2 (store_vec4_to_lval)
    %jmp T_0.0;
T_0.1 ;
    %end;
S_0x55e5f51b33f0 .scope generate, "init_bram_to_zero" "init_bram_to_zero" 5 41, 5 41 0, S_0x55e5f51b29d0;
 .timescale -9 -12;
v0x55e5f5190f90_0 .var/i "ram_index", 31 0;
S_0x55e5f51b3630 .scope generate, "output_register" "output_register" 5 70, 5 70 0, S_0x55e5f51b29d0;
 .timescale -9 -12;
L_0x55e5f5190e70 .functor BUFZ 8, v0x55e5f516b3e0_0, C4<00000000>, C4<00000000>, C4<00000000>;
L_0x55e5f516b2c0 .functor BUFZ 8, v0x55e5f516baf0_0, C4<00000000>, C4<00000000>, C4<00000000>;
v0x55e5f516b3e0_0 .var "douta_reg", 7 0;
v0x55e5f516baf0_0 .var "doutb_reg", 7 0;
E_0x55e5f51792f0 .event posedge, v0x55e5f51b3b10_0;
    .scope S_0x55e5f51b33f0;
T_1 ;
    %pushi/vec4 0, 0, 32;
    %store/vec4 v0x55e5f5190f90_0, 0, 32;
T_1.0 ;
    %load/vec4 v0x55e5f5190f90_0;
    %cmpi/s 500, 0, 32;
    %jmp/0xz T_1.1, 5;
    %pushi/vec4 0, 0, 8;
    %ix/getv/s 4, v0x55e5f5190f90_0;
    %store/vec4a v0x55e5f516a0d0, 4, 0;
    %load/vec4 v0x55e5f5190f90_0;
    %addi 1, 0, 32;
    %store/vec4 v0x55e5f5190f90_0, 0, 32;
    %jmp T_1.0;
T_1.1 ;
    %end;
    .thread T_1;
    .scope S_0x55e5f51b3630;
T_2 ;
    %pushi/vec4 0, 0, 8;
    %store/vec4 v0x55e5f516b3e0_0, 0, 8;
    %pushi/vec4 0, 0, 8;
    %store/vec4 v0x55e5f516baf0_0, 0, 8;
    %end;
    .thread T_2, $init;
    .scope S_0x55e5f51b3630;
T_3 ;
    %wait E_0x55e5f51792f0;
    %load/vec4 v0x55e5f51b4460_0;
    %flag_set/vec4 8;
    %jmp/0xz  T_3.0, 8;
    %pushi/vec4 0, 0, 8;
    %assign/vec4 v0x55e5f516b3e0_0, 0;
    %jmp T_3.1;
T_3.0 ;
    %load/vec4 v0x55e5f51b42e0_0;
    %flag_set/vec4 8;
    %jmp/0xz  T_3.2, 8;
    %load/vec4 v0x55e5f51b4120_0;
    %assign/vec4 v0x55e5f516b3e0_0, 0;
T_3.2 ;
T_3.1 ;
    %jmp T_3;
    .thread T_3;
    .scope S_0x55e5f51b3630;
T_4 ;
    %wait E_0x55e5f51792f0;
    %load/vec4 v0x55e5f51b4520_0;
    %flag_set/vec4 8;
    %jmp/0xz  T_4.0, 8;
    %pushi/vec4 0, 0, 8;
    %assign/vec4 v0x55e5f516baf0_0, 0;
    %jmp T_4.1;
T_4.0 ;
    %load/vec4 v0x55e5f51b43a0_0;
    %flag_set/vec4 8;
    %jmp/0xz  T_4.2, 8;
    %load/vec4 v0x55e5f51b4200_0;
    %assign/vec4 v0x55e5f516baf0_0, 0;
T_4.2 ;
T_4.1 ;
    %jmp T_4;
    .thread T_4;
    .scope S_0x55e5f51b29d0;
T_5 ;
    %pushi/vec4 0, 0, 8;
    %store/vec4 v0x55e5f51b4120_0, 0, 8;
    %pushi/vec4 0, 0, 8;
    %store/vec4 v0x55e5f51b4200_0, 0, 8;
    %end;
    .thread T_5, $init;
    .scope S_0x55e5f51b29d0;
T_6 ;
    %wait E_0x55e5f51792f0;
    %load/vec4 v0x55e5f51b3fa0_0;
    %flag_set/vec4 8;
    %jmp/0xz  T_6.0, 8;
    %load/vec4 v0x55e5f51b45e0_0;
    %flag_set/vec4 8;
    %jmp/0xz  T_6.2, 8;
    %load/vec4 v0x55e5f51b3bd0_0;
    %load/vec4 v0x55e5f51b3940_0;
    %pad/u 10;
    %ix/vec4 3;
    %ix/load 4, 0, 0; Constant delay
    %assign/vec4/a/d v0x55e5f516a0d0, 0, 4;
T_6.2 ;
    %load/vec4 v0x55e5f51b3940_0;
    %pad/u 10;
    %ix/vec4 4;
    %load/vec4a v0x55e5f516a0d0, 4;
    %assign/vec4 v0x55e5f51b4120_0, 0;
T_6.0 ;
    %jmp T_6;
    .thread T_6;
    .scope S_0x55e5f51b29d0;
T_7 ;
    %wait E_0x55e5f51792f0;
    %load/vec4 v0x55e5f51b4060_0;
    %flag_set/vec4 8;
    %jmp/0xz  T_7.0, 8;
    %load/vec4 v0x55e5f51b46a0_0;
    %flag_set/vec4 8;
    %jmp/0xz  T_7.2, 8;
    %load/vec4 v0x55e5f51b3d00_0;
    %load/vec4 v0x55e5f51b3a20_0;
    %pad/u 10;
    %ix/vec4 3;
    %ix/load 4, 0, 0; Constant delay
    %assign/vec4/a/d v0x55e5f516a0d0, 0, 4;
T_7.2 ;
    %load/vec4 v0x55e5f51b3a20_0;
    %pad/u 10;
    %ix/vec4 4;
    %load/vec4a v0x55e5f516a0d0, 4;
    %assign/vec4 v0x55e5f51b4200_0, 0;
T_7.0 ;
    %jmp T_7;
    .thread T_7;
    .scope S_0x55e5f51b2660;
T_8 ;
    %wait E_0x55e5f51792f0;
    %load/vec4 v0x55e5f51b5610_0;
    %flag_set/vec4 8;
    %jmp/0xz  T_8.0, 8;
    %pushi/vec4 0, 0, 9;
    %assign/vec4 v0x55e5f51b53a0_0, 0;
    %pushi/vec4 0, 0, 9;
    %assign/vec4 v0x55e5f51b51e0_0, 0;
    %pushi/vec4 0, 0, 8;
    %assign/vec4 v0x55e5f51b5470_0, 0;
    %pushi/vec4 0, 0, 1;
    %assign/vec4 v0x55e5f51b5540_0, 0;
    %pushi/vec4 127, 0, 10;
    %assign/vec4 v0x55e5f51b5040_0, 0;
    %pushi/vec4 896, 0, 10;
    %assign/vec4 v0x55e5f51b4f60_0, 0;
    %pushi/vec4 0, 0, 1;
    %assign/vec4 v0x55e5f51b56b0_0, 0;
    %pushi/vec4 0, 0, 1;
    %assign/vec4 v0x55e5f51b5120_0, 0;
    %jmp T_8.1;
T_8.0 ;
    %load/vec4 v0x55e5f51b4d40_0;
    %flag_set/vec4 8;
    %jmp/0xz  T_8.2, 8;
    %load/vec4 v0x55e5f51b53a0_0;
    %pad/u 32;
    %cmpi/e 500, 0, 32;
    %jmp/0xz  T_8.4, 4;
    %pushi/vec4 0, 0, 9;
    %assign/vec4 v0x55e5f51b53a0_0, 0;
    %jmp T_8.5;
T_8.4 ;
    %load/vec4 v0x55e5f51b53a0_0;
    %addi 1, 0, 9;
    %assign/vec4 v0x55e5f51b53a0_0, 0;
T_8.5 ;
    %pushi/vec4 1, 0, 1;
    %assign/vec4 v0x55e5f51b5540_0, 0;
    %load/vec4 v0x55e5f51b4c60_0;
    %assign/vec4 v0x55e5f51b5470_0, 0;
T_8.2 ;
    %load/vec4 v0x55e5f51b51e0_0;
    %pad/u 32;
    %cmpi/e 500, 0, 32;
    %jmp/0xz  T_8.6, 4;
    %load/vec4 v0x55e5f51b4ea0_0;
    %pad/s 32;
    %cmpi/s 37, 0, 32;
    %jmp/0xz  T_8.8, 5;
    %pushi/vec4 0, 0, 1;
    %assign/vec4 v0x55e5f51b56b0_0, 0;
    %jmp T_8.9;
T_8.8 ;
    %load/vec4 v0x55e5f51b4ea0_0;
    %pad/s 32;
    %cmpi/s 74, 0, 32;
    %flag_or 5, 4; GT is !LE
    %flag_inv 5;
    %jmp/0xz  T_8.10, 5;
    %pushi/vec4 1, 0, 1;
    %assign/vec4 v0x55e5f51b56b0_0, 0;
T_8.10 ;
T_8.9 ;
    %pushi/vec4 0, 0, 9;
    %assign/vec4 v0x55e5f51b51e0_0, 0;
    %pushi/vec4 127, 0, 10;
    %assign/vec4 v0x55e5f51b5040_0, 0;
    %pushi/vec4 896, 0, 10;
    %assign/vec4 v0x55e5f51b4f60_0, 0;
    %jmp T_8.7;
T_8.6 ;
    %load/vec4 v0x55e5f51b51e0_0;
    %addi 1, 0, 9;
    %assign/vec4 v0x55e5f51b51e0_0, 0;
T_8.7 ;
    %load/vec4 v0x55e5f51b52d0_0;
    %pad/s 10;
    %load/vec4 v0x55e5f51b5040_0;
    %cmp/s;
    %jmp/0xz  T_8.12, 5;
    %load/vec4 v0x55e5f51b52d0_0;
    %pad/u 10;
    %assign/vec4 v0x55e5f51b5040_0, 0;
    %jmp T_8.13;
T_8.12 ;
    %load/vec4 v0x55e5f51b4f60_0;
    %load/vec4 v0x55e5f51b52d0_0;
    %pad/s 10;
    %cmp/s;
    %jmp/0xz  T_8.14, 5;
    %load/vec4 v0x55e5f51b52d0_0;
    %pad/u 10;
    %assign/vec4 v0x55e5f51b4f60_0, 0;
T_8.14 ;
T_8.13 ;
    %load/vec4 v0x55e5f51b56b0_0;
    %assign/vec4 v0x55e5f51b5120_0, 0;
T_8.1 ;
    %jmp T_8;
    .thread T_8;
    .scope S_0x55e5f5183a70;
T_9 ;
    %delay 5000, 0;
    %load/vec4 v0x55e5f51b5af0_0;
    %inv;
    %store/vec4 v0x55e5f51b5af0_0, 0, 1;
    %jmp T_9;
    .thread T_9;
    .scope S_0x55e5f5183a70;
T_10 ;
    %vpi_func 3 34 "$fopen" 32, "sim/FT3D_keyup_2MSPS_shorter.bin", "rb" {0 0 0};
    %cast2;
    %store/vec4 v0x55e5f51b5bb0_0, 0, 32;
    %vpi_func 3 35 "$fread" 32, v0x55e5f51b5ed0, v0x55e5f51b5bb0_0 {0 0 0};
    %cast2;
    %store/vec4 v0x55e5f51b59f0_0, 0, 32;
    %load/vec4 v0x55e5f51b59f0_0;
    %cmpi/e 7000, 0, 32;
    %jmp/0xz  T_10.0, 4;
    %jmp T_10.1;
T_10.0 ;
    %vpi_call/w 3 36 "$error", "Failed to read full .bin file." {0 0 0};
T_10.1 ;
    %vpi_call/w 3 38 "$dumpfile", "minmax_filter.vcd" {0 0 0};
    %vpi_call/w 3 39 "$dumpvars", 32'sb00000000000000000000000000000000, S_0x55e5f5183a70 {0 0 0};
    %vpi_call/w 3 40 "$display", "Starting sim..." {0 0 0};
    %pushi/vec4 0, 0, 1;
    %store/vec4 v0x55e5f51b5af0_0, 0, 1;
    %pushi/vec4 0, 0, 1;
    %store/vec4 v0x55e5f51b5e00_0, 0, 1;
    %delay 10000, 0;
    %pushi/vec4 1, 0, 1;
    %store/vec4 v0x55e5f51b5e00_0, 0, 1;
    %delay 10000, 0;
    %pushi/vec4 0, 0, 1;
    %store/vec4 v0x55e5f51b5e00_0, 0, 1;
    %fork t_1, S_0x55e5f5178390;
    %jmp t_0;
    .scope S_0x55e5f5178390;
t_1 ;
    %pushi/vec4 0, 0, 32;
    %store/vec4 v0x55e5f51841d0_0, 0, 32;
T_10.2 ;
    %load/vec4 v0x55e5f51841d0_0;
    %cmpi/s 7000, 0, 32;
    %jmp/0xz T_10.3, 5;
    %ix/getv/s 4, v0x55e5f51841d0_0;
    %load/vec4a v0x55e5f51b5ed0, 4;
    %store/vec4 v0x55e5f51b5c50_0, 0, 8;
    %pushi/vec4 1, 0, 1;
    %store/vec4 v0x55e5f51b5d10_0, 0, 1;
    %delay 10000, 0;
    %pushi/vec4 0, 0, 1;
    %store/vec4 v0x55e5f51b5d10_0, 0, 1;
    %load/vec4 v0x55e5f51841d0_0;
    %addi 1, 0, 32;
    %cast2;
    %store/vec4 v0x55e5f51841d0_0, 0, 32;
    %load/vec4 v0x55e5f51841d0_0;
    %pushi/vec4 1000, 0, 32;
    %mod/s;
    %cmpi/e 0, 0, 32;
    %jmp/0xz  T_10.4, 4;
    %vpi_call/w 3 57 "$display", "i = %d", v0x55e5f51841d0_0 {0 0 0};
T_10.4 ;
    %delay 8000000, 0;
    ; show_stmt_assign_vector: Get l-value for compressed += operand
    %load/vec4 v0x55e5f51841d0_0;
    %pushi/vec4 1, 0, 32;
    %add;
    %cast2;
    %store/vec4 v0x55e5f51841d0_0, 0, 32;
    %jmp T_10.2;
T_10.3 ;
    %end;
    .scope S_0x55e5f5183a70;
t_0 %join;
    %vpi_call/w 3 64 "$finish" {0 0 0};
    %end;
    .thread T_10;
# The file index is used to find the file name in the following table.
:file_names 6;
    "N/A";
    "<interactive>";
    "-";
    "sim/minmax_filter_tb.sv";
    "src/minmax_filter.sv";
    "src/xilinx_true_dual_port_read_first_1_clock_ram.v";
